Using pre-set license
Built from '2021.3/staging' branch; Version is '2021.3.18f1 (3129e69bc0c7) revision 3221990'; Using compiler version '192829333'; Build Type 'Release'
OS: 'Windows 11  (10.0.22621) 64bit Professional' Language: 'en' Physical Memory: 32600 MB
BatchMode: 1, IsHumanControllingUs: 0, StartBugReporterOnCrash: 0, Is64bit: 1, IsPro: 1

COMMAND LINE ARGUMENTS:
C:\Program Files\Unity\Hub\Editor\2021.3.18f1\Editor\Unity.exe
-adb2
-batchMode
-noUpm
-name
AssetImportWorker2
-projectPath
D:/Guitar/College work/Portal-Strike/Portal-Strike
-logFile
Logs/AssetImportWorker2.log
-srvPort
60914
Successfully changed project path to: D:/Guitar/College work/Portal-Strike/Portal-Strike
D:/Guitar/College work/Portal-Strike/Portal-Strike
[UnityMemory] Configuration Parameters - Can be set up in boot.config
    "memorysetup-bucket-allocator-granularity=16"
    "memorysetup-bucket-allocator-bucket-count=8"
    "memorysetup-bucket-allocator-block-size=33554432"
    "memorysetup-bucket-allocator-block-count=8"
    "memorysetup-main-allocator-block-size=16777216"
    "memorysetup-thread-allocator-block-size=16777216"
    "memorysetup-gfx-main-allocator-block-size=16777216"
    "memorysetup-gfx-thread-allocator-block-size=16777216"
    "memorysetup-cache-allocator-block-size=4194304"
    "memorysetup-typetree-allocator-block-size=2097152"
    "memorysetup-profiler-bucket-allocator-granularity=16"
    "memorysetup-profiler-bucket-allocator-bucket-count=8"
    "memorysetup-profiler-bucket-allocator-block-size=33554432"
    "memorysetup-profiler-bucket-allocator-block-count=8"
    "memorysetup-profiler-allocator-block-size=16777216"
    "memorysetup-profiler-editor-allocator-block-size=1048576"
    "memorysetup-temp-allocator-size-main=16777216"
    "memorysetup-job-temp-allocator-block-size=2097152"
    "memorysetup-job-temp-allocator-block-size-background=1048576"
    "memorysetup-job-temp-allocator-reduction-small-platforms=262144"
    "memorysetup-temp-allocator-size-background-worker=32768"
    "memorysetup-temp-allocator-size-job-worker=262144"
    "memorysetup-temp-allocator-size-preload-manager=33554432"
    "memorysetup-temp-allocator-size-nav-mesh-worker=65536"
    "memorysetup-temp-allocator-size-audio-worker=65536"
    "memorysetup-temp-allocator-size-cloud-worker=32768"
    "memorysetup-temp-allocator-size-gi-baking-worker=262144"
    "memorysetup-temp-allocator-size-gfx=262144"
Player connection [31268] Host "[IP] 172.18.80.1 [Port] 0 [Flags] 2 [Guid] 2793657296 [EditorId] 2793657296 [Version] 1048832 [Id] WindowsEditor(7,DESKTOP-36A2VH1) [Debug] 1 [PackageName] WindowsEditor [ProjectName] Editor" joined multi-casting on [225.0.0.222:54997]...

Player connection [31268] Host "[IP] 172.18.80.1 [Port] 0 [Flags] 2 [Guid] 2793657296 [EditorId] 2793657296 [Version] 1048832 [Id] WindowsEditor(7,DESKTOP-36A2VH1) [Debug] 1 [PackageName] WindowsEditor [ProjectName] Editor" joined alternative multi-casting on [225.0.0.222:34997]...

Refreshing native plugins compatible for Editor in 67.64 ms, found 3 plugins.
Preloading 0 native plugins for Editor in 0.00 ms.
Initialize engine version: 2021.3.18f1 (3129e69bc0c7)
[Subsystems] Discovering subsystems at path C:/Program Files/Unity/Hub/Editor/2021.3.18f1/Editor/Data/Resources/UnitySubsystems
[Subsystems] Discovering subsystems at path D:/Guitar/College work/Portal-Strike/Portal-Strike/Assets
GfxDevice: creating device client; threaded=0; jobified=0
Direct3D:
    Version:  Direct3D 11.0 [level 11.1]
    Renderer: NVIDIA GeForce RTX 3060 (ID=0x2504)
    Vendor:   NVIDIA
    VRAM:     12129 MB
    Driver:   31.0.15.3734
Shader 'WFX/Transparent Diffuse': fallback shader 'Particles/Alpha Blended' not found
Shader 'WFX/Transparent Specular': fallback shader 'Particles/Alpha Blended' not found
Initialize mono
Mono path[0] = 'C:/Program Files/Unity/Hub/Editor/2021.3.18f1/Editor/Data/Managed'
Mono path[1] = 'C:/Program Files/Unity/Hub/Editor/2021.3.18f1/Editor/Data/MonoBleedingEdge/lib/mono/unityjit-win32'
Mono config path = 'C:/Program Files/Unity/Hub/Editor/2021.3.18f1/Editor/Data/MonoBleedingEdge/etc'
Using monoOptions --debugger-agent=transport=dt_socket,embedding=1,server=y,suspend=n,address=127.0.0.1:56860
Begin MonoManager ReloadAssembly
Registering precompiled unity dll's ...
Register platform support module: C:/Program Files/Unity/Hub/Editor/2021.3.18f1/Editor/Data/PlaybackEngines/AndroidPlayer/UnityEditor.Android.Extensions.dll
Register platform support module: C:/Program Files/Unity/Hub/Editor/2021.3.18f1/Editor/Data/PlaybackEngines/iOSSupport/UnityEditor.iOS.Extensions.dll
Register platform support module: C:/Program Files/Unity/Hub/Editor/2021.3.18f1/Editor/Data/PlaybackEngines/WindowsStandaloneSupport/UnityEditor.WindowsStandalone.Extensions.dll
Registered in 0.003530 seconds.
Native extension for WindowsStandalone target not found
Native extension for iOS target not found
Native extension for Android target not found
Android Extension - Scanning For ADB Devices 186 ms
Refreshing native plugins compatible for Editor in 67.43 ms, found 3 plugins.
Preloading 0 native plugins for Editor in 0.00 ms.
Mono: successfully reloaded assembly
- Completed reload, in  0.669 seconds
Domain Reload Profiling:
	ReloadAssembly (669ms)
		BeginReloadAssembly (51ms)
			ExecutionOrderSort (0ms)
			DisableScriptedObjects (0ms)
			BackupInstance (0ms)
			ReleaseScriptingObjects (0ms)
			CreateAndSetChildDomain (1ms)
		EndReloadAssembly (541ms)
			LoadAssemblies (50ms)
			RebuildTransferFunctionScriptingTraits (0ms)
			SetupTypeCache (78ms)
			ReleaseScriptCaches (0ms)
			RebuildScriptCaches (19ms)
			SetupLoadedEditorAssemblies (405ms)
				LogAssemblyErrors (0ms)
				InitializePlatformSupportModulesInManaged (240ms)
				SetLoadedEditorAssemblies (0ms)
				RefreshPlugins (67ms)
				BeforeProcessingInitializeOnLoad (1ms)
				ProcessInitializeOnLoadAttributes (66ms)
				ProcessInitializeOnLoadMethodAttributes (30ms)
				AfterProcessingInitializeOnLoad (0ms)
				EditorAssembliesLoaded (0ms)
			ExecutionOrderSort2 (0ms)
			AwakeInstancesAfterBackupRestoration (0ms)
Platform modules already initialized, skipping
Registering precompiled user dll's ...
Registered in 0.001979 seconds.
Begin MonoManager ReloadAssembly
Native extension for WindowsStandalone target not found
Native extension for iOS target not found
Native extension for Android target not found
Refreshing native plugins compatible for Editor in 66.95 ms, found 3 plugins.
Preloading 0 native plugins for Editor in 0.00 ms.
Mono: successfully reloaded assembly
- Completed reload, in  0.843 seconds
Domain Reload Profiling:
	ReloadAssembly (844ms)
		BeginReloadAssembly (81ms)
			ExecutionOrderSort (0ms)
			DisableScriptedObjects (5ms)
			BackupInstance (0ms)
			ReleaseScriptingObjects (0ms)
			CreateAndSetChildDomain (16ms)
		EndReloadAssembly (683ms)
			LoadAssemblies (62ms)
			RebuildTransferFunctionScriptingTraits (0ms)
			SetupTypeCache (193ms)
			ReleaseScriptCaches (0ms)
			RebuildScriptCaches (38ms)
			SetupLoadedEditorAssemblies (357ms)
				LogAssemblyErrors (0ms)
				InitializePlatformSupportModulesInManaged (18ms)
				SetLoadedEditorAssemblies (0ms)
				RefreshPlugins (67ms)
				BeforeProcessingInitializeOnLoad (57ms)
				ProcessInitializeOnLoadAttributes (199ms)
				ProcessInitializeOnLoadMethodAttributes (11ms)
				AfterProcessingInitializeOnLoad (3ms)
				EditorAssembliesLoaded (0ms)
			ExecutionOrderSort2 (0ms)
			AwakeInstancesAfterBackupRestoration (4ms)
Platform modules already initialized, skipping
========================================================================
Worker process is ready to serve import requests
Shader 'WFX/Transparent Diffuse': fallback shader 'Particles/Alpha Blended' not found
Shader 'WFX/Transparent Specular': fallback shader 'Particles/Alpha Blended' not found
Launched and connected shader compiler UnityShaderCompiler.exe after 0.03 seconds
Refreshing native plugins compatible for Editor in 0.65 ms, found 3 plugins.
Preloading 0 native plugins for Editor in 0.00 ms.
Unloading 3717 Unused Serialized files (Serialized files now loaded: 0)
Unloading 54 unused Assets / (57.3 KB). Loaded Objects now: 4165.
Memory consumption went from 137.3 MB to 137.2 MB.
Total: 2.740300 ms (FindLiveObjects: 0.227100 ms CreateObjectMapping: 0.112500 ms MarkObjects: 2.325700 ms  DeleteObjects: 0.074200 ms)

AssetImportParameters requested are different than current active one (requested -> active):
  custom:video-decoder-ogg-theora: a1e56fd34408186e4bbccfd4996cb3dc -> 
  custom:container-muxer-webm: aa71ff27fc2769a1b78a27578f13a17b -> 
  custom:container-demuxer-webm: 4f35f7cbe854078d1ac9338744f61a02 -> 
  custom:video-encoder-webm-vp8: eb34c28f22e8b96e1ab97ce403110664 -> 
  custom:video-codec-MediaFoundation-h265: 746d11721c4dcdbdad8f713fa42b33f4 -> 
  custom:audio-encoder-webm-vorbis: bf7c407c2cedff20999df2af8eb42d56 -> 
  custom:framework-win-MediaFoundation: 216162199b28c13a410421893ffa2e32 -> 
  custom:container-demuxer-ogg: 62fdf1f143b41e24485cea50d1cbac27 -> 
  custom:video-decoder-webm-vp8: 9c59270c3fd7afecdb556c50c9e8de78 -> 
  custom:audio-decoder-ogg-vorbis: bf7c407c2cedff20999df2af8eb42d56 -> 
========================================================================
Received Import Request.
  Time since last request: 1799688.003988 seconds.
  path: Assets/Unity Package/Hovl Studio/Magic effects pack/Demo scene/LightingData.asset
  artifactKey: Guid(faa4b86ef3c40464a90105bd7feb5ad9) Importer(815301076,1909f56bfc062723c751e8b465ee728b)
Start importing Assets/Unity Package/Hovl Studio/Magic effects pack/Demo scene/LightingData.asset using Guid(faa4b86ef3c40464a90105bd7feb5ad9) Importer(815301076,1909f56bfc062723c751e8b465ee728b) Lighting data asset ‘LightingData’ is incompatible with the current Unity version because the scene it was baked for was not serialized. Please use Generate Lighting to rebuild the lighting data, or assign the target scene to the Lighting Data Asset in the inspector.
 -> (artifact id: '479111961c1ad6159f393f3d669654fb') in 0.030668 seconds 
========================================================================
Received Import Request.
  Time since last request: 0.000023 seconds.
  path: Assets/Unity Package/Hovl Studio/Magic effects pack/Demo scene/ReflectionProbe-0.exr
  artifactKey: Guid(b437cf6f67f5f1c4e9f1876cbbb8aceb) Importer(815301076,1909f56bfc062723c751e8b465ee728b)
Start importing Assets/Unity Package/Hovl Studio/Magic effects pack/Demo scene/ReflectionProbe-0.exr using Guid(b437cf6f67f5f1c4e9f1876cbbb8aceb) Importer(815301076,1909f56bfc062723c751e8b465ee728b)  -> (artifact id: '836337d2973174ff45a23627cb7223c1') in 0.076285 seconds 
========================================================================
Received Prepare
Registering precompiled user dll's ...
Registered in 0.003274 seconds.
Begin MonoManager ReloadAssembly
Native extension for WindowsStandalone target not found
Native extension for iOS target not found
Native extension for Android target not found
Refreshing native plugins compatible for Editor in 0.68 ms, found 3 plugins.
Preloading 0 native plugins for Editor in 0.00 ms.
Mono: successfully reloaded assembly
- Completed reload, in  1.900 seconds
Domain Reload Profiling:
	ReloadAssembly (1908ms)
		BeginReloadAssembly (96ms)
			ExecutionOrderSort (0ms)
			DisableScriptedObjects (3ms)
			BackupInstance (0ms)
			ReleaseScriptingObjects (0ms)
			CreateAndSetChildDomain (27ms)
		EndReloadAssembly (1635ms)
			LoadAssemblies (179ms)
			RebuildTransferFunctionScriptingTraits (0ms)
			SetupTypeCache (688ms)
			ReleaseScriptCaches (1ms)
			RebuildScriptCaches (204ms)
			SetupLoadedEditorAssemblies (325ms)
				LogAssemblyErrors (0ms)
				InitializePlatformSupportModulesInManaged (25ms)
				SetLoadedEditorAssemblies (0ms)
				RefreshPlugins (1ms)
				BeforeProcessingInitializeOnLoad (45ms)
				ProcessInitializeOnLoadAttributes (222ms)
				ProcessInitializeOnLoadMethodAttributes (26ms)
				AfterProcessingInitializeOnLoad (6ms)
				EditorAssembliesLoaded (0ms)
			ExecutionOrderSort2 (0ms)
			AwakeInstancesAfterBackupRestoration (13ms)
Platform modules already initialized, skipping
Shader 'WFX/Transparent Diffuse': fallback shader 'Particles/Alpha Blended' not found
Shader 'WFX/Transparent Specular': fallback shader 'Particles/Alpha Blended' not found
Refreshing native plugins compatible for Editor in 2.07 ms, found 3 plugins.
Preloading 0 native plugins for Editor in 0.00 ms.
Unloading 3682 Unused Serialized files (Serialized files now loaded: 0)
Unloading 45 unused Assets / (25.8 KB). Loaded Objects now: 4201.
Memory consumption went from 138.4 MB to 138.3 MB.
Total: 2.356200 ms (FindLiveObjects: 0.186300 ms CreateObjectMapping: 0.086400 ms MarkObjects: 2.056200 ms  DeleteObjects: 0.026600 ms)

AssetImportParameters requested are different than current active one (requested -> active):
  custom:video-decoder-ogg-theora: a1e56fd34408186e4bbccfd4996cb3dc -> 
  custom:container-muxer-webm: aa71ff27fc2769a1b78a27578f13a17b -> 
  custom:container-demuxer-webm: 4f35f7cbe854078d1ac9338744f61a02 -> 
  custom:video-encoder-webm-vp8: eb34c28f22e8b96e1ab97ce403110664 -> 
  custom:video-codec-MediaFoundation-h265: 746d11721c4dcdbdad8f713fa42b33f4 -> 
  custom:audio-encoder-webm-vorbis: bf7c407c2cedff20999df2af8eb42d56 -> 
  custom:framework-win-MediaFoundation: 216162199b28c13a410421893ffa2e32 -> 
  custom:container-demuxer-ogg: 62fdf1f143b41e24485cea50d1cbac27 -> 
  custom:video-decoder-webm-vp8: 9c59270c3fd7afecdb556c50c9e8de78 -> 
  custom:audio-decoder-ogg-vorbis: bf7c407c2cedff20999df2af8eb42d56 -> 
========================================================================
Received Prepare
Registering precompiled user dll's ...
Registered in 0.002059 seconds.
Begin MonoManager ReloadAssembly
Native extension for WindowsStandalone target not found
Native extension for iOS target not found
Native extension for Android target not found
Refreshing native plugins compatible for Editor in 0.65 ms, found 3 plugins.
Preloading 0 native plugins for Editor in 0.00 ms.
Mono: successfully reloaded assembly
- Completed reload, in  1.752 seconds
Domain Reload Profiling:
	ReloadAssembly (1752ms)
		BeginReloadAssembly (96ms)
			ExecutionOrderSort (0ms)
			DisableScriptedObjects (3ms)
			BackupInstance (0ms)
			ReleaseScriptingObjects (0ms)
			CreateAndSetChildDomain (27ms)
		EndReloadAssembly (1396ms)
			LoadAssemblies (66ms)
			RebuildTransferFunctionScriptingTraits (0ms)
			SetupTypeCache (900ms)
			ReleaseScriptCaches (1ms)
			RebuildScriptCaches (88ms)
			SetupLoadedEditorAssemblies (250ms)
				LogAssemblyErrors (0ms)
				InitializePlatformSupportModulesInManaged (25ms)
				SetLoadedEditorAssemblies (0ms)
				RefreshPlugins (1ms)
				BeforeProcessingInitializeOnLoad (46ms)
				ProcessInitializeOnLoadAttributes (161ms)
				ProcessInitializeOnLoadMethodAttributes (13ms)
				AfterProcessingInitializeOnLoad (4ms)
				EditorAssembliesLoaded (0ms)
			ExecutionOrderSort2 (0ms)
			AwakeInstancesAfterBackupRestoration (5ms)
Platform modules already initialized, skipping
Shader 'WFX/Transparent Diffuse': fallback shader 'Particles/Alpha Blended' not found
Shader 'WFX/Transparent Specular': fallback shader 'Particles/Alpha Blended' not found
Refreshing native plugins compatible for Editor in 2.43 ms, found 3 plugins.
Preloading 0 native plugins for Editor in 0.00 ms.
Unloading 3682 Unused Serialized files (Serialized files now loaded: 0)
Unloading 45 unused Assets / (25.8 KB). Loaded Objects now: 4204.
Memory consumption went from 138.4 MB to 138.3 MB.
Total: 2.847300 ms (FindLiveObjects: 0.349600 ms CreateObjectMapping: 0.153100 ms MarkObjects: 2.313600 ms  DeleteObjects: 0.030400 ms)

AssetImportParameters requested are different than current active one (requested -> active):
  custom:video-decoder-ogg-theora: a1e56fd34408186e4bbccfd4996cb3dc -> 
  custom:container-muxer-webm: aa71ff27fc2769a1b78a27578f13a17b -> 
  custom:container-demuxer-webm: 4f35f7cbe854078d1ac9338744f61a02 -> 
  custom:video-encoder-webm-vp8: eb34c28f22e8b96e1ab97ce403110664 -> 
  custom:video-codec-MediaFoundation-h265: 746d11721c4dcdbdad8f713fa42b33f4 -> 
  custom:audio-encoder-webm-vorbis: bf7c407c2cedff20999df2af8eb42d56 -> 
  custom:framework-win-MediaFoundation: 216162199b28c13a410421893ffa2e32 -> 
  custom:container-demuxer-ogg: 62fdf1f143b41e24485cea50d1cbac27 -> 
  custom:video-decoder-webm-vp8: 9c59270c3fd7afecdb556c50c9e8de78 -> 
  custom:audio-decoder-ogg-vorbis: bf7c407c2cedff20999df2af8eb42d56 -> 
========================================================================
Received Prepare
Registering precompiled user dll's ...
Registered in 0.002568 seconds.
Begin MonoManager ReloadAssembly
Native extension for WindowsStandalone target not found
Native extension for iOS target not found
Native extension for Android target not found
Refreshing native plugins compatible for Editor in 0.70 ms, found 3 plugins.
Preloading 0 native plugins for Editor in 0.00 ms.
Mono: successfully reloaded assembly
- Completed reload, in  1.672 seconds
Domain Reload Profiling:
	ReloadAssembly (1673ms)
		BeginReloadAssembly (91ms)
			ExecutionOrderSort (0ms)
			DisableScriptedObjects (4ms)
			BackupInstance (0ms)
			ReleaseScriptingObjects (0ms)
			CreateAndSetChildDomain (25ms)
		EndReloadAssembly (1249ms)
			LoadAssemblies (61ms)
			RebuildTransferFunctionScriptingTraits (0ms)
			SetupTypeCache (559ms)
			ReleaseScriptCaches (1ms)
			RebuildScriptCaches (175ms)
			SetupLoadedEditorAssemblies (242ms)
				LogAssemblyErrors (0ms)
				InitializePlatformSupportModulesInManaged (25ms)
				SetLoadedEditorAssemblies (0ms)
				RefreshPlugins (1ms)
				BeforeProcessingInitializeOnLoad (39ms)
				ProcessInitializeOnLoadAttributes (159ms)
				ProcessInitializeOnLoadMethodAttributes (13ms)
				AfterProcessingInitializeOnLoad (4ms)
				EditorAssembliesLoaded (0ms)
			ExecutionOrderSort2 (0ms)
			AwakeInstancesAfterBackupRestoration (5ms)
Platform modules already initialized, skipping
Shader 'WFX/Transparent Diffuse': fallback shader 'Particles/Alpha Blended' not found
Shader 'WFX/Transparent Specular': fallback shader 'Particles/Alpha Blended' not found
Refreshing native plugins compatible for Editor in 2.75 ms, found 3 plugins.
Preloading 0 native plugins for Editor in 0.00 ms.
Unloading 3682 Unused Serialized files (Serialized files now loaded: 0)
Unloading 45 unused Assets / (25.9 KB). Loaded Objects now: 4207.
Memory consumption went from 138.4 MB to 138.4 MB.
Total: 2.518800 ms (FindLiveObjects: 0.190500 ms CreateObjectMapping: 0.093400 ms MarkObjects: 2.187400 ms  DeleteObjects: 0.046300 ms)

AssetImportParameters requested are different than current active one (requested -> active):
  custom:video-decoder-ogg-theora: a1e56fd34408186e4bbccfd4996cb3dc -> 
  custom:container-muxer-webm: aa71ff27fc2769a1b78a27578f13a17b -> 
  custom:container-demuxer-webm: 4f35f7cbe854078d1ac9338744f61a02 -> 
  custom:video-encoder-webm-vp8: eb34c28f22e8b96e1ab97ce403110664 -> 
  custom:video-codec-MediaFoundation-h265: 746d11721c4dcdbdad8f713fa42b33f4 -> 
  custom:audio-encoder-webm-vorbis: bf7c407c2cedff20999df2af8eb42d56 -> 
  custom:framework-win-MediaFoundation: 216162199b28c13a410421893ffa2e32 -> 
  custom:container-demuxer-ogg: 62fdf1f143b41e24485cea50d1cbac27 -> 
  custom:video-decoder-webm-vp8: 9c59270c3fd7afecdb556c50c9e8de78 -> 
  custom:audio-decoder-ogg-vorbis: bf7c407c2cedff20999df2af8eb42d56 -> 
========================================================================
Received Prepare
Registering precompiled user dll's ...
Registered in 0.002685 seconds.
Begin MonoManager ReloadAssembly
Native extension for WindowsStandalone target not found
Native extension for iOS target not found
Native extension for Android target not found
Refreshing native plugins compatible for Editor in 1.08 ms, found 3 plugins.
Preloading 0 native plugins for Editor in 0.00 ms.
Mono: successfully reloaded assembly
- Completed reload, in  1.636 seconds
Domain Reload Profiling:
	ReloadAssembly (1637ms)
		BeginReloadAssembly (91ms)
			ExecutionOrderSort (0ms)
			DisableScriptedObjects (3ms)
			BackupInstance (0ms)
			ReleaseScriptingObjects (0ms)
			CreateAndSetChildDomain (24ms)
		EndReloadAssembly (1424ms)
			LoadAssemblies (83ms)
			RebuildTransferFunctionScriptingTraits (0ms)
			SetupTypeCache (639ms)
			ReleaseScriptCaches (1ms)
			RebuildScriptCaches (137ms)
			SetupLoadedEditorAssemblies (446ms)
				LogAssemblyErrors (0ms)
				InitializePlatformSupportModulesInManaged (107ms)
				SetLoadedEditorAssemblies (0ms)
				RefreshPlugins (1ms)
				BeforeProcessingInitializeOnLoad (161ms)
				ProcessInitializeOnLoadAttributes (161ms)
				ProcessInitializeOnLoadMethodAttributes (13ms)
				AfterProcessingInitializeOnLoad (3ms)
				EditorAssembliesLoaded (0ms)
			ExecutionOrderSort2 (0ms)
			AwakeInstancesAfterBackupRestoration (4ms)
Platform modules already initialized, skipping
Shader 'WFX/Transparent Diffuse': fallback shader 'Particles/Alpha Blended' not found
Shader 'WFX/Transparent Specular': fallback shader 'Particles/Alpha Blended' not found
Refreshing native plugins compatible for Editor in 2.02 ms, found 3 plugins.
Preloading 0 native plugins for Editor in 0.00 ms.
Unloading 3682 Unused Serialized files (Serialized files now loaded: 0)
Unloading 45 unused Assets / (25.9 KB). Loaded Objects now: 4210.
Memory consumption went from 138.4 MB to 138.4 MB.
Total: 2.168200 ms (FindLiveObjects: 0.182500 ms CreateObjectMapping: 0.082500 ms MarkObjects: 1.876400 ms  DeleteObjects: 0.025900 ms)

AssetImportParameters requested are different than current active one (requested -> active):
  custom:video-decoder-ogg-theora: a1e56fd34408186e4bbccfd4996cb3dc -> 
  custom:container-muxer-webm: aa71ff27fc2769a1b78a27578f13a17b -> 
  custom:container-demuxer-webm: 4f35f7cbe854078d1ac9338744f61a02 -> 
  custom:video-encoder-webm-vp8: eb34c28f22e8b96e1ab97ce403110664 -> 
  custom:video-codec-MediaFoundation-h265: 746d11721c4dcdbdad8f713fa42b33f4 -> 
  custom:audio-encoder-webm-vorbis: bf7c407c2cedff20999df2af8eb42d56 -> 
  custom:framework-win-MediaFoundation: 216162199b28c13a410421893ffa2e32 -> 
  custom:container-demuxer-ogg: 62fdf1f143b41e24485cea50d1cbac27 -> 
  custom:video-decoder-webm-vp8: 9c59270c3fd7afecdb556c50c9e8de78 -> 
  custom:audio-decoder-ogg-vorbis: bf7c407c2cedff20999df2af8eb42d56 -> 
========================================================================
Received Import Request.
  Time since last request: 165.718996 seconds.
  path: Assets/Sprites/UIImage/Camera_Icon.png
  artifactKey: Guid(82a23a8f6a7338344844d30fb438efc4) Importer(815301076,1909f56bfc062723c751e8b465ee728b)
Start importing Assets/Sprites/UIImage/Camera_Icon.png using Guid(82a23a8f6a7338344844d30fb438efc4) Importer(815301076,1909f56bfc062723c751e8b465ee728b)  -> (artifact id: 'ff97719bdb0fb56ba408970937ec8b29') in 0.104056 seconds 
========================================================================
Received Import Request.
  Time since last request: 0.000030 seconds.
  path: Assets/Unity Package/JMO Assets/WarFX/_Effects/Bullet Impacts/+ Bullet Hole/Lit/WFX_BImpact Wood NoCollision + Hole Lit.prefab
  artifactKey: Guid(bdeb2a4220cd3cd4eacabbd5ed08f62c) Importer(815301076,1909f56bfc062723c751e8b465ee728b)
Start importing Assets/Unity Package/JMO Assets/WarFX/_Effects/Bullet Impacts/+ Bullet Hole/Lit/WFX_BImpact Wood NoCollision + Hole Lit.prefab using Guid(bdeb2a4220cd3cd4eacabbd5ed08f62c) Importer(815301076,1909f56bfc062723c751e8b465ee728b)  -> (artifact id: '4f7b92346f42fb8442ca21405a8c5e5f') in 0.129312 seconds 
========================================================================
Received Import Request.
  Time since last request: 0.000039 seconds.
  path: Assets/Unity Package/JMO Assets/WarFX/Demo/Assets/WFX_Demo_M_Concrete Wall.mat
  artifactKey: Guid(ab6453a18f7ff2f4ebb1d7ccb0fe1353) Importer(815301076,1909f56bfc062723c751e8b465ee728b)
Start importing Assets/Unity Package/JMO Assets/WarFX/Demo/Assets/WFX_Demo_M_Concrete Wall.mat using Guid(ab6453a18f7ff2f4ebb1d7ccb0fe1353) Importer(815301076,1909f56bfc062723c751e8b465ee728b)  -> (artifact id: '3dfae6e4a9024c29362f8bf616b3f535') in 0.157992 seconds 
========================================================================
Received Import Request.
  Time since last request: 0.000019 seconds.
  path: Assets/Unity Package/JMO Assets/WarFX/_Effects/Bullet Impacts/+ Bullet Hole/Lit/WFX_BImpact Concrete + Hole Lit.prefab
  artifactKey: Guid(9e95c7b2183a4f345aaf86846f8f1918) Importer(815301076,1909f56bfc062723c751e8b465ee728b)
Start importing Assets/Unity Package/JMO Assets/WarFX/_Effects/Bullet Impacts/+ Bullet Hole/Lit/WFX_BImpact Concrete + Hole Lit.prefab using Guid(9e95c7b2183a4f345aaf86846f8f1918) Importer(815301076,1909f56bfc062723c751e8b465ee728b)  -> (artifact id: 'd1c57769ceff5e188eff0e14f89a53fc') in 0.023214 seconds 
========================================================================
Received Import Request.
  Time since last request: 0.000027 seconds.
  path: Assets/Unity Package/NavMeshComponents/Editor/NavMeshComponentsEditor.asmdef
  artifactKey: Guid(86c9d8e67265f41469be06142c397d17) Importer(815301076,1909f56bfc062723c751e8b465ee728b)
Start importing Assets/Unity Package/NavMeshComponents/Editor/NavMeshComponentsEditor.asmdef using Guid(86c9d8e67265f41469be06142c397d17) Importer(815301076,1909f56bfc062723c751e8b465ee728b)  -> (artifact id: 'ffc0334e965f4a8258837bf8573d109d') in 0.011234 seconds 
========================================================================
Received Import Request.
  Time since last request: 0.000030 seconds.
  path: Assets/Unity Package/JMO Assets/WarFX/_Effects (Mobile)/Bullet Impacts/+ Bullet Hole/Lit/WFXMR_BImpact Concrete NoCollision + Hole Lit.prefab
  artifactKey: Guid(a2dd350d1edb61a45b8ba6d1b07bae8f) Importer(815301076,1909f56bfc062723c751e8b465ee728b)
Start importing Assets/Unity Package/JMO Assets/WarFX/_Effects (Mobile)/Bullet Impacts/+ Bullet Hole/Lit/WFXMR_BImpact Concrete NoCollision + Hole Lit.prefab using Guid(a2dd350d1edb61a45b8ba6d1b07bae8f) Importer(815301076,1909f56bfc062723c751e8b465ee728b)  -> (artifact id: 'f7d42a1598d29a55672c34c94f08b2c7') in 0.020883 seconds 
========================================================================
Received Import Request.
  Time since last request: 0.000022 seconds.
  path: Assets/Unity Package/Yarvisoft/Free Textures/Materials/free_copperPlates_diff.png
  artifactKey: Guid(cd54fb41c667c194c8fa9aa890a480ae) Importer(815301076,1909f56bfc062723c751e8b465ee728b)
Start importing Assets/Unity Package/Yarvisoft/Free Textures/Materials/free_copperPlates_diff.png using Guid(cd54fb41c667c194c8fa9aa890a480ae) Importer(815301076,1909f56bfc062723c751e8b465ee728b)  -> (artifact id: 'ba94ab8f989a0b8112b8d0a8ef0fb2e3') in 0.027066 seconds 
========================================================================
Received Import Request.
  Time since last request: 0.000043 seconds.
  path: Assets/Unity Package/Hovl Studio/Magic effects pack/Textures/Concrete slab_MetallicSmoothness.png
  artifactKey: Guid(a685c8f461a651a46a2631ea3decafae) Importer(815301076,1909f56bfc062723c751e8b465ee728b)
Start importing Assets/Unity Package/Hovl Studio/Magic effects pack/Textures/Concrete slab_MetallicSmoothness.png using Guid(a685c8f461a651a46a2631ea3decafae) Importer(815301076,1909f56bfc062723c751e8b465ee728b)  -> (artifact id: '1b91c3627572f54a033186f1770b755f') in 0.054294 seconds 
========================================================================
Received Import Request.
  Time since last request: 0.000030 seconds.
  path: Assets/Unity Package/JMO Assets/WarFX/_Effects/Bullet Impacts/+ Bullet Hole/Lit/WFX_BImpact Concrete NoCollision + Hole Lit.prefab
  artifactKey: Guid(f8860a5092fd6d143a7b3f075e204e6b) Importer(815301076,1909f56bfc062723c751e8b465ee728b)
Start importing Assets/Unity Package/JMO Assets/WarFX/_Effects/Bullet Impacts/+ Bullet Hole/Lit/WFX_BImpact Concrete NoCollision + Hole Lit.prefab using Guid(f8860a5092fd6d143a7b3f075e204e6b) Importer(815301076,1909f56bfc062723c751e8b465ee728b)  -> (artifact id: '37b481550b14492a8d491dc998009e9c') in 0.025819 seconds 
========================================================================
Received Import Request.
  Time since last request: 0.000024 seconds.
  path: Assets/Unity Package/JMO Assets/WarFX/Desktop/Textures/Bullet Holes/WFX_T_BulletHoles Concrete.tga
  artifactKey: Guid(eca10a393fd9c894fa28b8013cedf3cb) Importer(815301076,1909f56bfc062723c751e8b465ee728b)
Start importing Assets/Unity Package/JMO Assets/WarFX/Desktop/Textures/Bullet Holes/WFX_T_BulletHoles Concrete.tga using Guid(eca10a393fd9c894fa28b8013cedf3cb) Importer(815301076,1909f56bfc062723c751e8b465ee728b)  -> (artifact id: '2873848ccaca595ac1913e70327458d8') in 0.020886 seconds 
========================================================================
Received Import Request.
  Time since last request: 0.000021 seconds.
  path: Assets/Unity Package/JMO Assets/WarFX/_Effects (Mobile)/Bullet Impacts/+ Bullet Hole/Unlit/WFXMR_BImpact Concrete NoCollision + Hole Unlit.prefab
  artifactKey: Guid(2b4ffdf4a64f87d4ca3c0de925e6d343) Importer(815301076,1909f56bfc062723c751e8b465ee728b)
Start importing Assets/Unity Package/JMO Assets/WarFX/_Effects (Mobile)/Bullet Impacts/+ Bullet Hole/Unlit/WFXMR_BImpact Concrete NoCollision + Hole Unlit.prefab using Guid(2b4ffdf4a64f87d4ca3c0de925e6d343) Importer(815301076,1909f56bfc062723c751e8b465ee728b)  -> (artifact id: 'd89f6612d4b850c44e985bbc9c267566') in 0.051685 seconds 
========================================================================
Received Import Request.
  Time since last request: 0.000023 seconds.
  path: Assets/Unity Package/JMO Assets/WarFX/Desktop/Materials/Bullet Holes/WFX_BulletHole Concrete.mat
  artifactKey: Guid(72b5a49033211f040b217a4431c08896) Importer(815301076,1909f56bfc062723c751e8b465ee728b)
Start importing Assets/Unity Package/JMO Assets/WarFX/Desktop/Materials/Bullet Holes/WFX_BulletHole Concrete.mat using Guid(72b5a49033211f040b217a4431c08896) Importer(815301076,1909f56bfc062723c751e8b465ee728b)  -> (artifact id: 'cceff14e5eb9f515dae250afffc5fb12') in 0.023877 seconds 
========================================================================
Received Import Request.
  Time since last request: 0.000024 seconds.
  path: Assets/Unity Package/JMO Assets/WarFX/_Effects/Bullet Impacts/WFX_BImpact Concrete NoCollision.prefab
  artifactKey: Guid(20b31fcfaed0cb842a56fbbe2419428f) Importer(815301076,1909f56bfc062723c751e8b465ee728b)
Start importing Assets/Unity Package/JMO Assets/WarFX/_Effects/Bullet Impacts/WFX_BImpact Concrete NoCollision.prefab using Guid(20b31fcfaed0cb842a56fbbe2419428f) Importer(815301076,1909f56bfc062723c751e8b465ee728b)  -> (artifact id: 'c8ac280e2b8615e1e409fffaff6abd23') in 0.019882 seconds 
========================================================================
Received Import Request.
  Time since last request: 0.000023 seconds.
  path: Assets/Unity Package/JMO Assets/WarFX/Demo/Assets/WFX_Demo_M_Concrete.mat
  artifactKey: Guid(c071c19d8a6f8b34aa95017397002b83) Importer(815301076,1909f56bfc062723c751e8b465ee728b)
Start importing Assets/Unity Package/JMO Assets/WarFX/Demo/Assets/WFX_Demo_M_Concrete.mat using Guid(c071c19d8a6f8b34aa95017397002b83) Importer(815301076,1909f56bfc062723c751e8b465ee728b)  -> (artifact id: 'c67d9d19a11fcddf2dd8825e78d8d037') in 0.015147 seconds 
========================================================================
Received Import Request.
  Time since last request: 0.000038 seconds.
  path: Assets/Unity Package/JMO Assets/WarFX/_Effects (Mobile)/Bullet Impacts/WFXMR_BImpact Wood NoCollision.prefab
  artifactKey: Guid(2bad6b8b976e8a44cacd2a270b2d3ef2) Importer(815301076,1909f56bfc062723c751e8b465ee728b)
Start importing Assets/Unity Package/JMO Assets/WarFX/_Effects (Mobile)/Bullet Impacts/WFXMR_BImpact Wood NoCollision.prefab using Guid(2bad6b8b976e8a44cacd2a270b2d3ef2) Importer(815301076,1909f56bfc062723c751e8b465ee728b)  -> (artifact id: 'dd473cac491e4c99c9ba4a1cf55a44bb') in 0.018134 seconds 
========================================================================
Received Import Request.
  Time since last request: 0.000031 seconds.
  path: Assets/Script/EventSystem/QuickEvent/IncreaseScore.asset
  artifactKey: Guid(4f4fd99e94ee56e41a62b4f9625a789d) Importer(815301076,1909f56bfc062723c751e8b465ee728b)
Start importing Assets/Script/EventSystem/QuickEvent/IncreaseScore.asset using Guid(4f4fd99e94ee56e41a62b4f9625a789d) Importer(815301076,1909f56bfc062723c751e8b465ee728b)  -> (artifact id: 'd07e3928c078913e3ecbd9185c0618c8') in 0.020902 seconds 
========================================================================
Received Import Request.
  Time since last request: 0.000023 seconds.
  path: Assets/Unity Package/Hovl Studio/Magic effects pack/Textures/Concrete slab_Height.png
  artifactKey: Guid(db368c1c85b12fe48aba6cc9bcd41f43) Importer(815301076,1909f56bfc062723c751e8b465ee728b)
Start importing Assets/Unity Package/Hovl Studio/Magic effects pack/Textures/Concrete slab_Height.png using Guid(db368c1c85b12fe48aba6cc9bcd41f43) Importer(815301076,1909f56bfc062723c751e8b465ee728b)  -> (artifact id: 'd2e7924a040f08d7ff9a351f9553a1d3') in 0.029468 seconds 
========================================================================
Received Import Request.
  Time since last request: 0.000017 seconds.
  path: Assets/Unity Package/JMO Assets/WarFX/Desktop/Materials/Bullet Holes/WFX_BulletHole Concrete Lighted.mat
  artifactKey: Guid(510d824c243583b488605ed79cd5f7d0) Importer(815301076,1909f56bfc062723c751e8b465ee728b)
Start importing Assets/Unity Package/JMO Assets/WarFX/Desktop/Materials/Bullet Holes/WFX_BulletHole Concrete Lighted.mat using Guid(510d824c243583b488605ed79cd5f7d0) Importer(815301076,1909f56bfc062723c751e8b465ee728b)  -> (artifact id: '76d4e4f7438b0ca082d53bcaaafdcbac') in 0.013445 seconds 
========================================================================
Received Import Request.
  Time since last request: 0.000020 seconds.
  path: Assets/Unity Package/JMO Assets/WarFX/Mesh/icosphere.fbx
  artifactKey: Guid(30b0c87680e76604a959637052b5e8ac) Importer(815301076,1909f56bfc062723c751e8b465ee728b)
Start importing Assets/Unity Package/JMO Assets/WarFX/Mesh/icosphere.fbx using Guid(30b0c87680e76604a959637052b5e8ac) Importer(815301076,1909f56bfc062723c751e8b465ee728b)  -> (artifact id: 'adb8c6c28382fd49371544e2f4fda9a3') in 0.184542 seconds 
========================================================================
Received Import Request.
  Time since last request: 2.474860 seconds.
  path: Assets/Unity Package/CameraShakeFX/Demo/Particles/BigExplosion.prefab
  artifactKey: Guid(e1b08032bec16ba4eb1ae23cbd572664) Importer(815301076,1909f56bfc062723c751e8b465ee728b)
Start importing Assets/Unity Package/CameraShakeFX/Demo/Particles/BigExplosion.prefab using Guid(e1b08032bec16ba4eb1ae23cbd572664) Importer(815301076,1909f56bfc062723c751e8b465ee728b)  -> (artifact id: 'd2eeca8dec4bd6741a92c33daaa144d0') in 2.444902 seconds 
========================================================================
Received Import Request.
  Time since last request: 0.000075 seconds.
  path: Assets/Unity Package/JMO Assets/WarFX/_Effects (Mobile)/Explosions/WFXMR_ExplosiveSmokeGround Big.prefab
  artifactKey: Guid(fafeb973cad62304ba2abdc5dfafbf8f) Importer(815301076,1909f56bfc062723c751e8b465ee728b)
Start importing Assets/Unity Package/JMO Assets/WarFX/_Effects (Mobile)/Explosions/WFXMR_ExplosiveSmokeGround Big.prefab using Guid(fafeb973cad62304ba2abdc5dfafbf8f) Importer(815301076,1909f56bfc062723c751e8b465ee728b)  -> (artifact id: '0a0f3fe634aa5dc5c10f66d0572eae9c') in 0.305966 seconds 
========================================================================
Received Import Request.
  Time since last request: 0.000051 seconds.
  path: Assets/Unity Package/JMO Assets/WarFX/Desktop/Materials/Flames/WFX_M_ExplosionFlames Add.mat
  artifactKey: Guid(d48723a9122613a46a57c70406594587) Importer(815301076,1909f56bfc062723c751e8b465ee728b)
Start importing Assets/Unity Package/JMO Assets/WarFX/Desktop/Materials/Flames/WFX_M_ExplosionFlames Add.mat using Guid(d48723a9122613a46a57c70406594587) Importer(815301076,1909f56bfc062723c751e8b465ee728b)  -> (artifact id: '4aa54c65b89e8870859a0b2c6e064675') in 0.019793 seconds 
========================================================================
Received Import Request.
  Time since last request: 0.000024 seconds.
  path: Assets/Unity Package/JMO Assets/WarFX/_Effects (Mobile)/Explosions/WFXMR_ExplosiveSmokeGround Big Alt.prefab
  artifactKey: Guid(990c2328597308a46a8f3d888b380296) Importer(815301076,1909f56bfc062723c751e8b465ee728b)
Start importing Assets/Unity Package/JMO Assets/WarFX/_Effects (Mobile)/Explosions/WFXMR_ExplosiveSmokeGround Big Alt.prefab using Guid(990c2328597308a46a8f3d888b380296) Importer(815301076,1909f56bfc062723c751e8b465ee728b)  -> (artifact id: 'ed1cbfecc5002fe12ded09d0e1d667e6') in 0.019222 seconds 
========================================================================
Received Import Request.
  Time since last request: 0.000024 seconds.
  path: Assets/Unity Package/JMO Assets/WarFX/_Effects/Explosions/WFX_ExplosiveSmoke Big Alt.prefab
  artifactKey: Guid(e0609132424a24844b1d53ad3d704fd9) Importer(815301076,1909f56bfc062723c751e8b465ee728b)
Start importing Assets/Unity Package/JMO Assets/WarFX/_Effects/Explosions/WFX_ExplosiveSmoke Big Alt.prefab using Guid(e0609132424a24844b1d53ad3d704fd9) Importer(815301076,1909f56bfc062723c751e8b465ee728b)  -> (artifact id: 'eeeaaed096b5f0ccff08fc2cd1adbd51') in 0.035108 seconds 
========================================================================
Received Import Request.
  Time since last request: 0.000030 seconds.
  path: Assets/Unity Package/JMO Assets/WarFX/_Effects (Mobile)/Explosions/WFXMR_ExplosiveSmoke Small.prefab
  artifactKey: Guid(42f257b24c959a44794a35d032e9da12) Importer(815301076,1909f56bfc062723c751e8b465ee728b)
Start importing Assets/Unity Package/JMO Assets/WarFX/_Effects (Mobile)/Explosions/WFXMR_ExplosiveSmoke Small.prefab using Guid(42f257b24c959a44794a35d032e9da12) Importer(815301076,1909f56bfc062723c751e8b465ee728b)  -> (artifact id: 'e9cc574c105065005b622286f506e544') in 0.023678 seconds 
========================================================================
Received Import Request.
  Time since last request: 0.000050 seconds.
  path: Assets/Unity Package/JMO Assets/WarFX/_Effects/Explosions/WFX_ExplosiveSmoke.prefab
  artifactKey: Guid(4575df893a6e3f64a8283dee38413a34) Importer(815301076,1909f56bfc062723c751e8b465ee728b)
Start importing Assets/Unity Package/JMO Assets/WarFX/_Effects/Explosions/WFX_ExplosiveSmoke.prefab using Guid(4575df893a6e3f64a8283dee38413a34) Importer(815301076,1909f56bfc062723c751e8b465ee728b)  -> (artifact id: '68915cd1a2ddb41092779c71e528c064') in 0.019428 seconds 
========================================================================
Received Import Request.
  Time since last request: 0.000027 seconds.
  path: Assets/Unity Package/JMO Assets/WarFX/_Effects/Explosions/WFX_Explosion.prefab
  artifactKey: Guid(b46890100828db6429ff69c322b45893) Importer(815301076,1909f56bfc062723c751e8b465ee728b)
Start importing Assets/Unity Package/JMO Assets/WarFX/_Effects/Explosions/WFX_Explosion.prefab using Guid(b46890100828db6429ff69c322b45893) Importer(815301076,1909f56bfc062723c751e8b465ee728b)  -> (artifact id: '395e0a1aef2ee8e7edee56095fedd60b') in 0.057355 seconds 
========================================================================
Received Import Request.
  Time since last request: 0.000031 seconds.
  path: Assets/Unity Package/JMO Assets/WarFX/_Effects (Mobile)/Explosions/WFXMR_Explosion LandMine.prefab
  artifactKey: Guid(872363974360b1540b92d8d9e0453afa) Importer(815301076,1909f56bfc062723c751e8b465ee728b)
Start importing Assets/Unity Package/JMO Assets/WarFX/_Effects (Mobile)/Explosions/WFXMR_Explosion LandMine.prefab using Guid(872363974360b1540b92d8d9e0453afa) Importer(815301076,1909f56bfc062723c751e8b465ee728b)  -> (artifact id: '2019672e99e0051f383688ce813f6028') in 0.036055 seconds 
========================================================================
Received Import Request.
  Time since last request: 0.000034 seconds.
  path: Assets/Unity Package/JMO Assets/WarFX/_Effects (Mobile)/Explosions/WFXMR_ExplosiveSmokeGround.prefab
  artifactKey: Guid(808e73d863fcde3499fd5301563ffd3d) Importer(815301076,1909f56bfc062723c751e8b465ee728b)
Start importing Assets/Unity Package/JMO Assets/WarFX/_Effects (Mobile)/Explosions/WFXMR_ExplosiveSmokeGround.prefab using Guid(808e73d863fcde3499fd5301563ffd3d) Importer(815301076,1909f56bfc062723c751e8b465ee728b)  -> (artifact id: 'c5795ecf61556ed52530cbdef6b77d7b') in 0.023252 seconds 
========================================================================
Received Import Request.
  Time since last request: 0.000024 seconds.
  path: Assets/Unity Package/JMO Assets/WarFX/_Effects (Mobile)/Explosions/WFXMR_ExplosiveSmoke Big.prefab
  artifactKey: Guid(1ae4db7b36e51124b89d2b32303a7a0b) Importer(815301076,1909f56bfc062723c751e8b465ee728b)
Start importing Assets/Unity Package/JMO Assets/WarFX/_Effects (Mobile)/Explosions/WFXMR_ExplosiveSmoke Big.prefab using Guid(1ae4db7b36e51124b89d2b32303a7a0b) Importer(815301076,1909f56bfc062723c751e8b465ee728b)  -> (artifact id: '8c6733061d92a69ddd5bcf88a75bd47c') in 0.022854 seconds 
========================================================================
Received Import Request.
  Time since last request: 0.000031 seconds.
  path: Assets/Unity Package/JMO Assets/WarFX/_Effects/Explosions/WFX_ExplosiveSmokeGround.prefab
  artifactKey: Guid(93485fd5fc2ccf2439cb3239186f6382) Importer(815301076,1909f56bfc062723c751e8b465ee728b)
Start importing Assets/Unity Package/JMO Assets/WarFX/_Effects/Explosions/WFX_ExplosiveSmokeGround.prefab using Guid(93485fd5fc2ccf2439cb3239186f6382) Importer(815301076,1909f56bfc062723c751e8b465ee728b)  -> (artifact id: '44c1de329ff61ee84f0af50bfa60c894') in 0.018762 seconds 
========================================================================
Received Import Request.
  Time since last request: 21.288984 seconds.
  path: Assets/Unity Package/48 Particle Effect Pack/Texture/Particle.mat
  artifactKey: Guid(e252ebe03637ede45ab53f0c045e6f67) Importer(815301076,1909f56bfc062723c751e8b465ee728b)
Start importing Assets/Unity Package/48 Particle Effect Pack/Texture/Particle.mat using Guid(e252ebe03637ede45ab53f0c045e6f67) Importer(815301076,1909f56bfc062723c751e8b465ee728b)  -> (artifact id: '899116bb9eaffa8f73687e6dce4651ad') in 0.040261 seconds 
========================================================================
Received Import Request.
  Time since last request: 1.903670 seconds.
  path: Assets/Unity Package/Hovl Studio/Magic effects pack/Prefabs/Hits and explosions/Green hit.prefab
  artifactKey: Guid(3138a83bedbd6ad4481ba0b061da2eb6) Importer(815301076,1909f56bfc062723c751e8b465ee728b)
Start importing Assets/Unity Package/Hovl Studio/Magic effects pack/Prefabs/Hits and explosions/Green hit.prefab using Guid(3138a83bedbd6ad4481ba0b061da2eb6) Importer(815301076,1909f56bfc062723c751e8b465ee728b)  -> (artifact id: 'cefd80029e0c7abb0825388f574fc0a7') in 0.102024 seconds 
========================================================================
Received Import Request.
  Time since last request: 4.741319 seconds.
  path: Assets/Unity Package/48 Particle Effect Pack/Texture/Spark2.mat
  artifactKey: Guid(a1ebb5132f727d043b53629a18b54fb3) Importer(815301076,1909f56bfc062723c751e8b465ee728b)
Start importing Assets/Unity Package/48 Particle Effect Pack/Texture/Spark2.mat using Guid(a1ebb5132f727d043b53629a18b54fb3) Importer(815301076,1909f56bfc062723c751e8b465ee728b)  -> (artifact id: '382bfe23cd5c1a36563a7ad7249032db') in 0.042636 seconds 
========================================================================
Received Import Request.
  Time since last request: 0.000023 seconds.
  path: Assets/Unity Package/JMO Assets/WarFX/Mobile/Materials/Impacts/WFXM_M_Sparks Metal.mat
  artifactKey: Guid(a54ba3179ee833e4f85472f16ca41d2b) Importer(815301076,1909f56bfc062723c751e8b465ee728b)
Start importing Assets/Unity Package/JMO Assets/WarFX/Mobile/Materials/Impacts/WFXM_M_Sparks Metal.mat using Guid(a54ba3179ee833e4f85472f16ca41d2b) Importer(815301076,1909f56bfc062723c751e8b465ee728b)  -> (artifact id: 'a655222b3f2e72c8efd1861f2d557d6e') in 0.020165 seconds 
========================================================================
Received Import Request.
  Time since last request: 0.000023 seconds.
  path: Assets/Unity Package/48 Particle Effect Pack/Texture/Spark5.png
  artifactKey: Guid(8c17e8a7fd22fea4b9f9c78d0114a1e0) Importer(815301076,1909f56bfc062723c751e8b465ee728b)
Start importing Assets/Unity Package/48 Particle Effect Pack/Texture/Spark5.png using Guid(8c17e8a7fd22fea4b9f9c78d0114a1e0) Importer(815301076,1909f56bfc062723c751e8b465ee728b)  -> (artifact id: '3a6aa7cdc5aa193c2581005f2fadc663') in 0.013968 seconds 
========================================================================
Received Import Request.
  Time since last request: 0.000019 seconds.
  path: Assets/Unity Package/JMO Assets/WarFX/Mobile/Materials/MuzzleFlashes/WFXM_M_MF Sparks RIFLE3.mat
  artifactKey: Guid(e177f0751f2e83247a552614d8363cca) Importer(815301076,1909f56bfc062723c751e8b465ee728b)
Start importing Assets/Unity Package/JMO Assets/WarFX/Mobile/Materials/MuzzleFlashes/WFXM_M_MF Sparks RIFLE3.mat using Guid(e177f0751f2e83247a552614d8363cca) Importer(815301076,1909f56bfc062723c751e8b465ee728b)  -> (artifact id: 'f4d65f73f47bf7c8975d39d3fd4181e8') in 0.012286 seconds 
========================================================================
Received Import Request.
  Time since last request: 0.000023 seconds.
  path: Assets/Unity Package/48 Particle Effect Pack/Effect/Sparking2.prefab
  artifactKey: Guid(50f1c35dedf5eb940a3ee61713626364) Importer(815301076,1909f56bfc062723c751e8b465ee728b)
Start importing Assets/Unity Package/48 Particle Effect Pack/Effect/Sparking2.prefab using Guid(50f1c35dedf5eb940a3ee61713626364) Importer(815301076,1909f56bfc062723c751e8b465ee728b)  -> (artifact id: 'cb7abbf86b0af9597c2d3b8d8b12087e') in 0.020946 seconds 
========================================================================
Received Import Request.
  Time since last request: 0.000029 seconds.
  path: Assets/Unity Package/JMO Assets/WarFX/Desktop/Textures/MuzzleFlashes/WFX_T_MF Sparks RIFLE2 A8.tga
  artifactKey: Guid(31da9bc7d3437a946b5613ded8e1ad31) Importer(815301076,1909f56bfc062723c751e8b465ee728b)
Start importing Assets/Unity Package/JMO Assets/WarFX/Desktop/Textures/MuzzleFlashes/WFX_T_MF Sparks RIFLE2 A8.tga using Guid(31da9bc7d3437a946b5613ded8e1ad31) Importer(815301076,1909f56bfc062723c751e8b465ee728b)  -> (artifact id: '74ebe1bd765802bcb7b1056cff3139f3') in 0.022074 seconds 
========================================================================
Received Import Request.
  Time since last request: 0.000044 seconds.
  path: Assets/Unity Package/48 Particle Effect Pack/Texture/Spark6.mat
  artifactKey: Guid(25217b424bdbdfc429bd7b6b41d3a76b) Importer(815301076,1909f56bfc062723c751e8b465ee728b)
Start importing Assets/Unity Package/48 Particle Effect Pack/Texture/Spark6.mat using Guid(25217b424bdbdfc429bd7b6b41d3a76b) Importer(815301076,1909f56bfc062723c751e8b465ee728b)  -> (artifact id: '6178968437f6e1765e8c4c8ca8c16557') in 0.014523 seconds 
========================================================================
Received Import Request.
  Time since last request: 0.000025 seconds.
  path: Assets/Unity Package/48 Particle Effect Pack/Texture/Spark4.mat
  artifactKey: Guid(1a517e705d717f642babb2b1d289c8da) Importer(815301076,1909f56bfc062723c751e8b465ee728b)
Start importing Assets/Unity Package/48 Particle Effect Pack/Texture/Spark4.mat using Guid(1a517e705d717f642babb2b1d289c8da) Importer(815301076,1909f56bfc062723c751e8b465ee728b)  -> (artifact id: '7efa0e51f558ac37e6995a6afca4b59a') in 0.017239 seconds 
========================================================================
Received Import Request.
  Time since last request: 0.000030 seconds.
  path: Assets/Unity Package/48 Particle Effect Pack/Effect/Sparking.prefab
  artifactKey: Guid(96536afb634b32043bb988d4576053d3) Importer(815301076,1909f56bfc062723c751e8b465ee728b)
Start importing Assets/Unity Package/48 Particle Effect Pack/Effect/Sparking.prefab using Guid(96536afb634b32043bb988d4576053d3) Importer(815301076,1909f56bfc062723c751e8b465ee728b)  -> (artifact id: '4ee006581bb97e2ca30cc14238ec6f1b') in 0.017130 seconds 
========================================================================
Received Import Request.
  Time since last request: 46.556288 seconds.
  path: Assets/Prefabs/Red_Bullet.prefab
  artifactKey: Guid(40717cdc8807162478756e1ce67a2ab7) Importer(815301076,1909f56bfc062723c751e8b465ee728b)
Start importing Assets/Prefabs/Red_Bullet.prefab using Guid(40717cdc8807162478756e1ce67a2ab7) Importer(815301076,1909f56bfc062723c751e8b465ee728b)  -> (artifact id: '26f8004ccd05490365a2acf45b2a106c') in 0.032595 seconds 
========================================================================
Received Import Request.
  Time since last request: 5.886854 seconds.
  path: Assets/Prefabs/Effect/Blood_Splash.prefab
  artifactKey: Guid(3256326171bbfaa4f9af0b3a85535283) Importer(815301076,1909f56bfc062723c751e8b465ee728b)
Start importing Assets/Prefabs/Effect/Blood_Splash.prefab using Guid(3256326171bbfaa4f9af0b3a85535283) Importer(815301076,1909f56bfc062723c751e8b465ee728b)  -> (artifact id: '894b715941b76d451a3e69b7d3754f67') in 0.015852 seconds 
========================================================================
Received Import Request.
  Time since last request: 0.000025 seconds.
  path: Assets/Prefabs/Effect/Muzzle_Flash_Sprite.prefab
  artifactKey: Guid(445c47dab8a3d9b459b772a19447214d) Importer(815301076,1909f56bfc062723c751e8b465ee728b)
Start importing Assets/Prefabs/Effect/Muzzle_Flash_Sprite.prefab using Guid(445c47dab8a3d9b459b772a19447214d) Importer(815301076,1909f56bfc062723c751e8b465ee728b)  -> (artifact id: '688833b904eed8ef7693af724804b0b5') in 0.018692 seconds 
========================================================================
Received Prepare
Registering precompiled user dll's ...
Registered in 0.002077 seconds.
Begin MonoManager ReloadAssembly
Native extension for WindowsStandalone target not found
Native extension for iOS target not found
Native extension for Android target not found
Refreshing native plugins compatible for Editor in 0.71 ms, found 3 plugins.
Preloading 0 native plugins for Editor in 0.00 ms.
Mono: successfully reloaded assembly
- Completed reload, in  1.901 seconds
Domain Reload Profiling:
	ReloadAssembly (1901ms)
		BeginReloadAssembly (104ms)
			ExecutionOrderSort (0ms)
			DisableScriptedObjects (3ms)
			BackupInstance (0ms)
			ReleaseScriptingObjects (0ms)
			CreateAndSetChildDomain (30ms)
		EndReloadAssembly (1617ms)
			LoadAssemblies (230ms)
			RebuildTransferFunctionScriptingTraits (0ms)
			SetupTypeCache (1049ms)
			ReleaseScriptCaches (2ms)
			RebuildScriptCaches (35ms)
			SetupLoadedEditorAssemblies (258ms)
				LogAssemblyErrors (0ms)
				InitializePlatformSupportModulesInManaged (25ms)
				SetLoadedEditorAssemblies (0ms)
				RefreshPlugins (1ms)
				BeforeProcessingInitializeOnLoad (39ms)
				ProcessInitializeOnLoadAttributes (174ms)
				ProcessInitializeOnLoadMethodAttributes (15ms)
				AfterProcessingInitializeOnLoad (3ms)
				EditorAssembliesLoaded (0ms)
			ExecutionOrderSort2 (0ms)
			AwakeInstancesAfterBackupRestoration (4ms)
Platform modules already initialized, skipping
Shader 'WFX/Transparent Diffuse': fallback shader 'Particles/Alpha Blended' not found
Shader 'WFX/Transparent Specular': fallback shader 'Particles/Alpha Blended' not found
Refreshing native plugins compatible for Editor in 1.99 ms, found 3 plugins.
Preloading 0 native plugins for Editor in 0.00 ms.
Unloading 3682 Unused Serialized files (Serialized files now loaded: 0)
Unloading 48 unused Assets / (51.7 KB). Loaded Objects now: 4242.
Memory consumption went from 211.8 MB to 211.7 MB.
Total: 2.417000 ms (FindLiveObjects: 0.187500 ms CreateObjectMapping: 0.080900 ms MarkObjects: 2.055900 ms  DeleteObjects: 0.091300 ms)

AssetImportParameters requested are different than current active one (requested -> active):
  custom:video-decoder-ogg-theora: a1e56fd34408186e4bbccfd4996cb3dc -> 
  custom:container-muxer-webm: aa71ff27fc2769a1b78a27578f13a17b -> 
  custom:container-demuxer-webm: 4f35f7cbe854078d1ac9338744f61a02 -> 
  custom:video-encoder-webm-vp8: eb34c28f22e8b96e1ab97ce403110664 -> 
  custom:video-codec-MediaFoundation-h265: 746d11721c4dcdbdad8f713fa42b33f4 -> 
  custom:audio-encoder-webm-vorbis: bf7c407c2cedff20999df2af8eb42d56 -> 
  custom:framework-win-MediaFoundation: 216162199b28c13a410421893ffa2e32 -> 
  custom:container-demuxer-ogg: 62fdf1f143b41e24485cea50d1cbac27 -> 
  custom:video-decoder-webm-vp8: 9c59270c3fd7afecdb556c50c9e8de78 -> 
  custom:audio-decoder-ogg-vorbis: bf7c407c2cedff20999df2af8eb42d56 -> 
========================================================================
Received Prepare
Registering precompiled user dll's ...
Registered in 0.001955 seconds.
Begin MonoManager ReloadAssembly
Native extension for WindowsStandalone target not found
Native extension for iOS target not found
Native extension for Android target not found
Refreshing native plugins compatible for Editor in 1.00 ms, found 3 plugins.
Preloading 0 native plugins for Editor in 0.00 ms.
Mono: successfully reloaded assembly
- Completed reload, in  1.820 seconds
Domain Reload Profiling:
	ReloadAssembly (1821ms)
		BeginReloadAssembly (107ms)
			ExecutionOrderSort (0ms)
			DisableScriptedObjects (3ms)
			BackupInstance (0ms)
			ReleaseScriptingObjects (0ms)
			CreateAndSetChildDomain (31ms)
		EndReloadAssembly (1329ms)
			LoadAssemblies (118ms)
			RebuildTransferFunctionScriptingTraits (0ms)
			SetupTypeCache (816ms)
			ReleaseScriptCaches (1ms)
			RebuildScriptCaches (29ms)
			SetupLoadedEditorAssemblies (273ms)
				LogAssemblyErrors (0ms)
				InitializePlatformSupportModulesInManaged (33ms)
				SetLoadedEditorAssemblies (0ms)
				RefreshPlugins (1ms)
				BeforeProcessingInitializeOnLoad (47ms)
				ProcessInitializeOnLoadAttributes (171ms)
				ProcessInitializeOnLoadMethodAttributes (17ms)
				AfterProcessingInitializeOnLoad (3ms)
				EditorAssembliesLoaded (0ms)
			ExecutionOrderSort2 (0ms)
			AwakeInstancesAfterBackupRestoration (4ms)
Platform modules already initialized, skipping
Shader 'WFX/Transparent Diffuse': fallback shader 'Particles/Alpha Blended' not found
Shader 'WFX/Transparent Specular': fallback shader 'Particles/Alpha Blended' not found
Refreshing native plugins compatible for Editor in 2.73 ms, found 3 plugins.
Preloading 0 native plugins for Editor in 0.00 ms.
Unloading 3682 Unused Serialized files (Serialized files now loaded: 0)
Unloading 45 unused Assets / (25.8 KB). Loaded Objects now: 4245.
Memory consumption went from 211.7 MB to 211.7 MB.
Total: 2.245900 ms (FindLiveObjects: 0.195300 ms CreateObjectMapping: 0.096900 ms MarkObjects: 1.924200 ms  DeleteObjects: 0.028900 ms)

AssetImportParameters requested are different than current active one (requested -> active):
  custom:video-decoder-ogg-theora: a1e56fd34408186e4bbccfd4996cb3dc -> 
  custom:container-muxer-webm: aa71ff27fc2769a1b78a27578f13a17b -> 
  custom:container-demuxer-webm: 4f35f7cbe854078d1ac9338744f61a02 -> 
  custom:video-encoder-webm-vp8: eb34c28f22e8b96e1ab97ce403110664 -> 
  custom:video-codec-MediaFoundation-h265: 746d11721c4dcdbdad8f713fa42b33f4 -> 
  custom:audio-encoder-webm-vorbis: bf7c407c2cedff20999df2af8eb42d56 -> 
  custom:framework-win-MediaFoundation: 216162199b28c13a410421893ffa2e32 -> 
  custom:container-demuxer-ogg: 62fdf1f143b41e24485cea50d1cbac27 -> 
  custom:video-decoder-webm-vp8: 9c59270c3fd7afecdb556c50c9e8de78 -> 
  custom:audio-decoder-ogg-vorbis: bf7c407c2cedff20999df2af8eb42d56 -> 
Editor requested this worker to shutdown with reason: Scaling down because of idle timeout
AssetImportWorker is now disconnected from the server
Process exiting
Exiting without the bug reporter. Application will terminate with return code 0