Using pre-set license
Built from '2021.3/staging' branch; Version is '2021.3.18f1 (3129e69bc0c7) revision 3221990'; Using compiler version '192829333'; Build Type 'Release'
OS: 'Windows 11  (10.0.22621) 64bit Professional' Language: 'en' Physical Memory: 32600 MB
BatchMode: 1, IsHumanControllingUs: 0, StartBugReporterOnCrash: 0, Is64bit: 1, IsPro: 1

COMMAND LINE ARGUMENTS:
C:\Program Files\Unity\Hub\Editor\2021.3.18f1\Editor\Unity.exe
-adb2
-batchMode
-noUpm
-name
AssetImportWorker3
-projectPath
D:/Guitar/College work/Portal-Strike/Portal-Strike
-logFile
Logs/AssetImportWorker3.log
-srvPort
60914
Successfully changed project path to: D:/Guitar/College work/Portal-Strike/Portal-Strike
D:/Guitar/College work/Portal-Strike/Portal-Strike
[UnityMemory] Configuration Parameters - Can be set up in boot.config
    "memorysetup-bucket-allocator-granularity=16"
    "memorysetup-bucket-allocator-bucket-count=8"
    "memorysetup-bucket-allocator-block-size=33554432"
    "memorysetup-bucket-allocator-block-count=8"
    "memorysetup-main-allocator-block-size=16777216"
    "memorysetup-thread-allocator-block-size=16777216"
    "memorysetup-gfx-main-allocator-block-size=16777216"
    "memorysetup-gfx-thread-allocator-block-size=16777216"
    "memorysetup-cache-allocator-block-size=4194304"
    "memorysetup-typetree-allocator-block-size=2097152"
    "memorysetup-profiler-bucket-allocator-granularity=16"
    "memorysetup-profiler-bucket-allocator-bucket-count=8"
    "memorysetup-profiler-bucket-allocator-block-size=33554432"
    "memorysetup-profiler-bucket-allocator-block-count=8"
    "memorysetup-profiler-allocator-block-size=16777216"
    "memorysetup-profiler-editor-allocator-block-size=1048576"
    "memorysetup-temp-allocator-size-main=16777216"
    "memorysetup-job-temp-allocator-block-size=2097152"
    "memorysetup-job-temp-allocator-block-size-background=1048576"
    "memorysetup-job-temp-allocator-reduction-small-platforms=262144"
    "memorysetup-temp-allocator-size-background-worker=32768"
    "memorysetup-temp-allocator-size-job-worker=262144"
    "memorysetup-temp-allocator-size-preload-manager=33554432"
    "memorysetup-temp-allocator-size-nav-mesh-worker=65536"
    "memorysetup-temp-allocator-size-audio-worker=65536"
    "memorysetup-temp-allocator-size-cloud-worker=32768"
    "memorysetup-temp-allocator-size-gi-baking-worker=262144"
    "memorysetup-temp-allocator-size-gfx=262144"
Player connection [17704] Host "[IP] 172.18.80.1 [Port] 0 [Flags] 2 [Guid] 3676385347 [EditorId] 3676385347 [Version] 1048832 [Id] WindowsEditor(7,DESKTOP-36A2VH1) [Debug] 1 [PackageName] WindowsEditor [ProjectName] Editor" joined multi-casting on [225.0.0.222:54997]...

Player connection [17704] Host "[IP] 172.18.80.1 [Port] 0 [Flags] 2 [Guid] 3676385347 [EditorId] 3676385347 [Version] 1048832 [Id] WindowsEditor(7,DESKTOP-36A2VH1) [Debug] 1 [PackageName] WindowsEditor [ProjectName] Editor" joined alternative multi-casting on [225.0.0.222:34997]...

Refreshing native plugins compatible for Editor in 98.51 ms, found 3 plugins.
Preloading 0 native plugins for Editor in 0.00 ms.
Initialize engine version: 2021.3.18f1 (3129e69bc0c7)
[Subsystems] Discovering subsystems at path C:/Program Files/Unity/Hub/Editor/2021.3.18f1/Editor/Data/Resources/UnitySubsystems
[Subsystems] Discovering subsystems at path D:/Guitar/College work/Portal-Strike/Portal-Strike/Assets
GfxDevice: creating device client; threaded=0; jobified=0
Direct3D:
    Version:  Direct3D 11.0 [level 11.1]
    Renderer: NVIDIA GeForce RTX 3060 (ID=0x2504)
    Vendor:   NVIDIA
    VRAM:     12129 MB
    Driver:   31.0.15.3734
Shader 'WFX/Transparent Diffuse': fallback shader 'Particles/Alpha Blended' not found
Shader 'WFX/Transparent Specular': fallback shader 'Particles/Alpha Blended' not found
Initialize mono
Mono path[0] = 'C:/Program Files/Unity/Hub/Editor/2021.3.18f1/Editor/Data/Managed'
Mono path[1] = 'C:/Program Files/Unity/Hub/Editor/2021.3.18f1/Editor/Data/MonoBleedingEdge/lib/mono/unityjit-win32'
Mono config path = 'C:/Program Files/Unity/Hub/Editor/2021.3.18f1/Editor/Data/MonoBleedingEdge/etc'
Using monoOptions --debugger-agent=transport=dt_socket,embedding=1,server=y,suspend=n,address=127.0.0.1:56260
Begin MonoManager ReloadAssembly
Registering precompiled unity dll's ...
Register platform support module: C:/Program Files/Unity/Hub/Editor/2021.3.18f1/Editor/Data/PlaybackEngines/AndroidPlayer/UnityEditor.Android.Extensions.dll
Register platform support module: C:/Program Files/Unity/Hub/Editor/2021.3.18f1/Editor/Data/PlaybackEngines/iOSSupport/UnityEditor.iOS.Extensions.dll
Register platform support module: C:/Program Files/Unity/Hub/Editor/2021.3.18f1/Editor/Data/PlaybackEngines/WindowsStandaloneSupport/UnityEditor.WindowsStandalone.Extensions.dll
Registered in 0.003569 seconds.
Native extension for WindowsStandalone target not found
Native extension for iOS target not found
Native extension for Android target not found
Android Extension - Scanning For ADB Devices 187 ms
Refreshing native plugins compatible for Editor in 68.92 ms, found 3 plugins.
Preloading 0 native plugins for Editor in 0.00 ms.
Mono: successfully reloaded assembly
- Completed reload, in  0.829 seconds
Domain Reload Profiling:
	ReloadAssembly (829ms)
		BeginReloadAssembly (122ms)
			ExecutionOrderSort (0ms)
			DisableScriptedObjects (0ms)
			BackupInstance (0ms)
			ReleaseScriptingObjects (0ms)
			CreateAndSetChildDomain (1ms)
		EndReloadAssembly (592ms)
			LoadAssemblies (120ms)
			RebuildTransferFunctionScriptingTraits (0ms)
			SetupTypeCache (105ms)
			ReleaseScriptCaches (0ms)
			RebuildScriptCaches (20ms)
			SetupLoadedEditorAssemblies (421ms)
				LogAssemblyErrors (0ms)
				InitializePlatformSupportModulesInManaged (249ms)
				SetLoadedEditorAssemblies (0ms)
				RefreshPlugins (69ms)
				BeforeProcessingInitializeOnLoad (1ms)
				ProcessInitializeOnLoadAttributes (62ms)
				ProcessInitializeOnLoadMethodAttributes (39ms)
				AfterProcessingInitializeOnLoad (0ms)
				EditorAssembliesLoaded (0ms)
			ExecutionOrderSort2 (0ms)
			AwakeInstancesAfterBackupRestoration (0ms)
Platform modules already initialized, skipping
Registering precompiled user dll's ...
Registered in 0.002647 seconds.
Begin MonoManager ReloadAssembly
Native extension for WindowsStandalone target not found
Native extension for iOS target not found
Native extension for Android target not found
Refreshing native plugins compatible for Editor in 69.67 ms, found 3 plugins.
Preloading 0 native plugins for Editor in 0.00 ms.
Mono: successfully reloaded assembly
- Completed reload, in  0.992 seconds
Domain Reload Profiling:
	ReloadAssembly (992ms)
		BeginReloadAssembly (76ms)
			ExecutionOrderSort (0ms)
			DisableScriptedObjects (4ms)
			BackupInstance (0ms)
			ReleaseScriptingObjects (0ms)
			CreateAndSetChildDomain (14ms)
		EndReloadAssembly (838ms)
			LoadAssemblies (55ms)
			RebuildTransferFunctionScriptingTraits (0ms)
			SetupTypeCache (332ms)
			ReleaseScriptCaches (0ms)
			RebuildScriptCaches (44ms)
			SetupLoadedEditorAssemblies (350ms)
				LogAssemblyErrors (0ms)
				InitializePlatformSupportModulesInManaged (22ms)
				SetLoadedEditorAssemblies (0ms)
				RefreshPlugins (70ms)
				BeforeProcessingInitializeOnLoad (57ms)
				ProcessInitializeOnLoadAttributes (187ms)
				ProcessInitializeOnLoadMethodAttributes (11ms)
				AfterProcessingInitializeOnLoad (3ms)
				EditorAssembliesLoaded (0ms)
			ExecutionOrderSort2 (0ms)
			AwakeInstancesAfterBackupRestoration (4ms)
Platform modules already initialized, skipping
========================================================================
Worker process is ready to serve import requests
Shader 'WFX/Transparent Diffuse': fallback shader 'Particles/Alpha Blended' not found
Shader 'WFX/Transparent Specular': fallback shader 'Particles/Alpha Blended' not found
Launched and connected shader compiler UnityShaderCompiler.exe after 0.04 seconds
Refreshing native plugins compatible for Editor in 0.65 ms, found 3 plugins.
Preloading 0 native plugins for Editor in 0.00 ms.
Unloading 3717 Unused Serialized files (Serialized files now loaded: 0)
Unloading 54 unused Assets / (57.4 KB). Loaded Objects now: 4168.
Memory consumption went from 210.1 MB to 210.0 MB.
Total: 3.373400 ms (FindLiveObjects: 0.263600 ms CreateObjectMapping: 0.163000 ms MarkObjects: 2.792500 ms  DeleteObjects: 0.151500 ms)

AssetImportParameters requested are different than current active one (requested -> active):
  custom:video-decoder-ogg-theora: a1e56fd34408186e4bbccfd4996cb3dc -> 
  custom:container-muxer-webm: aa71ff27fc2769a1b78a27578f13a17b -> 
  custom:container-demuxer-webm: 4f35f7cbe854078d1ac9338744f61a02 -> 
  custom:video-encoder-webm-vp8: eb34c28f22e8b96e1ab97ce403110664 -> 
  custom:video-codec-MediaFoundation-h265: 746d11721c4dcdbdad8f713fa42b33f4 -> 
  custom:audio-encoder-webm-vorbis: bf7c407c2cedff20999df2af8eb42d56 -> 
  custom:framework-win-MediaFoundation: 216162199b28c13a410421893ffa2e32 -> 
  custom:container-demuxer-ogg: 62fdf1f143b41e24485cea50d1cbac27 -> 
  custom:video-decoder-webm-vp8: 9c59270c3fd7afecdb556c50c9e8de78 -> 
  custom:audio-decoder-ogg-vorbis: bf7c407c2cedff20999df2af8eb42d56 -> 
========================================================================
Received Import Request.
  Time since last request: 1799857.375072 seconds.
  path: Assets/Unity Package/CameraShakeFX/Demo/Particles/Textures/Explosion.tif
  artifactKey: Guid(409ef26b64696f340b2f62b41d2fc11f) Importer(815301076,1909f56bfc062723c751e8b465ee728b)
Start importing Assets/Unity Package/CameraShakeFX/Demo/Particles/Textures/Explosion.tif using Guid(409ef26b64696f340b2f62b41d2fc11f) Importer(815301076,1909f56bfc062723c751e8b465ee728b)  -> (artifact id: '6cf0a0e1836e87a959330797a825dd30') in 0.130079 seconds 
========================================================================
Received Import Request.
  Time since last request: 0.000024 seconds.
  path: Assets/Unity Package/CameraShakeFX/Demo/Particles/Materials/ExplosionDistortion.mat
  artifactKey: Guid(fafa06e8ef8c7fb4eac7a74c65cf3a06) Importer(815301076,1909f56bfc062723c751e8b465ee728b)
Start importing Assets/Unity Package/CameraShakeFX/Demo/Particles/Materials/ExplosionDistortion.mat using Guid(fafa06e8ef8c7fb4eac7a74c65cf3a06) Importer(815301076,1909f56bfc062723c751e8b465ee728b)  -> (artifact id: '16b702a1430d08b400ca60e67a76d4e6') in 0.092990 seconds 
========================================================================
Received Import Request.
  Time since last request: 0.000046 seconds.
  path: Assets/Unity Package/48 Particle Effect Pack/Effect/Explosion3.prefab
  artifactKey: Guid(3f1d919251d33ab45a23dc83a945d1da) Importer(815301076,1909f56bfc062723c751e8b465ee728b)
Start importing Assets/Unity Package/48 Particle Effect Pack/Effect/Explosion3.prefab using Guid(3f1d919251d33ab45a23dc83a945d1da) Importer(815301076,1909f56bfc062723c751e8b465ee728b)  -> (artifact id: '98805c2dc790af33778c2ea7c5d1b6e3') in 0.056169 seconds 
========================================================================
Received Import Request.
  Time since last request: 0.000029 seconds.
  path: Assets/Unity Package/48 Particle Effect Pack/Effect/Explosion4.prefab
  artifactKey: Guid(1b0efe600cd9bcd48ae21ef3dffffff8) Importer(815301076,1909f56bfc062723c751e8b465ee728b)
Start importing Assets/Unity Package/48 Particle Effect Pack/Effect/Explosion4.prefab using Guid(1b0efe600cd9bcd48ae21ef3dffffff8) Importer(815301076,1909f56bfc062723c751e8b465ee728b)  -> (artifact id: '55ff55fbbee12bdeaf4b51d3acd18ac4') in 0.025077 seconds 
========================================================================
Received Import Request.
  Time since last request: 0.000079 seconds.
  path: Assets/Unity Package/48 Particle Effect Pack/Effect/Explosion9.prefab
  artifactKey: Guid(10b506478f435cf4ca5bbcf982c59f08) Importer(815301076,1909f56bfc062723c751e8b465ee728b)
Start importing Assets/Unity Package/48 Particle Effect Pack/Effect/Explosion9.prefab using Guid(10b506478f435cf4ca5bbcf982c59f08) Importer(815301076,1909f56bfc062723c751e8b465ee728b)  -> (artifact id: '05f22601e30ae1b09a8bd4430f7eb125') in 0.034119 seconds 
========================================================================
Received Import Request.
  Time since last request: 0.000033 seconds.
  path: Assets/Unity Package/CameraShakeFX/Demo/Particles/Materials/FireExplosion.mat
  artifactKey: Guid(7a306caa8f9f7ed40a5361ce411cdf1b) Importer(815301076,1909f56bfc062723c751e8b465ee728b)
Start importing Assets/Unity Package/CameraShakeFX/Demo/Particles/Materials/FireExplosion.mat using Guid(7a306caa8f9f7ed40a5361ce411cdf1b) Importer(815301076,1909f56bfc062723c751e8b465ee728b)  -> (artifact id: '44d8dace5f667198ebf0b87d78a4c679') in 0.044994 seconds 
========================================================================
Received Import Request.
  Time since last request: 0.000035 seconds.
  path: Assets/Unity Package/48 Particle Effect Pack/Effect/Explosion5.prefab
  artifactKey: Guid(33384af7b24a0f14cb7bbf3b795f7a2b) Importer(815301076,1909f56bfc062723c751e8b465ee728b)
Start importing Assets/Unity Package/48 Particle Effect Pack/Effect/Explosion5.prefab using Guid(33384af7b24a0f14cb7bbf3b795f7a2b) Importer(815301076,1909f56bfc062723c751e8b465ee728b)  -> (artifact id: '18decba30b7424d6fb96a579c3b44e1f') in 0.028530 seconds 
========================================================================
Received Import Request.
  Time since last request: 0.000021 seconds.
  path: Assets/Unity Package/SimpleFX/Prefabs/FX_Explosion_Rubble.prefab
  artifactKey: Guid(079954accd64b32419ec069129c81273) Importer(815301076,1909f56bfc062723c751e8b465ee728b)
Start importing Assets/Unity Package/SimpleFX/Prefabs/FX_Explosion_Rubble.prefab using Guid(079954accd64b32419ec069129c81273) Importer(815301076,1909f56bfc062723c751e8b465ee728b)  -> (artifact id: '49d8d6c00f9761cdf7b304313e357b62') in 0.129438 seconds 
========================================================================
Received Import Request.
  Time since last request: 0.000046 seconds.
  path: Assets/Unity Package/TextMesh Pro/Fonts/TIMESBD.TTF
  artifactKey: Guid(9b6600b6160e971499b01c4c351b5237) Importer(815301076,1909f56bfc062723c751e8b465ee728b)
Start importing Assets/Unity Package/TextMesh Pro/Fonts/TIMESBD.TTF using Guid(9b6600b6160e971499b01c4c351b5237) Importer(815301076,1909f56bfc062723c751e8b465ee728b)  -> (artifact id: '17ea0f7f4d4fe9a74876192e9ec6611d') in 0.027204 seconds 
========================================================================
Received Import Request.
  Time since last request: 0.000027 seconds.
  path: Assets/Unity Package/48 Particle Effect Pack/Effect/Explosion2.prefab
  artifactKey: Guid(8b940ede2c20ec44ba870a2cdd277051) Importer(815301076,1909f56bfc062723c751e8b465ee728b)
Start importing Assets/Unity Package/48 Particle Effect Pack/Effect/Explosion2.prefab using Guid(8b940ede2c20ec44ba870a2cdd277051) Importer(815301076,1909f56bfc062723c751e8b465ee728b)  -> (artifact id: '97f5f248b90be0d2b511077b55445145') in 0.021233 seconds 
========================================================================
Received Import Request.
  Time since last request: 0.000032 seconds.
  path: Assets/Unity Package/48 Particle Effect Pack/Effect/Explosion6.prefab
  artifactKey: Guid(f3613b78354895b469b7da1f0a90e686) Importer(815301076,1909f56bfc062723c751e8b465ee728b)
Start importing Assets/Unity Package/48 Particle Effect Pack/Effect/Explosion6.prefab using Guid(f3613b78354895b469b7da1f0a90e686) Importer(815301076,1909f56bfc062723c751e8b465ee728b)  -> (artifact id: 'c92f4e4b2a75c56d6246a5f57ba29c66') in 0.026336 seconds 
========================================================================
Received Import Request.
  Time since last request: 0.000024 seconds.
  path: Assets/Prefabs/Effect/Exp.prefab
  artifactKey: Guid(02eb548217147834b932121a0ac29c5c) Importer(815301076,1909f56bfc062723c751e8b465ee728b)
Start importing Assets/Prefabs/Effect/Exp.prefab using Guid(02eb548217147834b932121a0ac29c5c) Importer(815301076,1909f56bfc062723c751e8b465ee728b)  -> (artifact id: '0cac6c17ed01caaf2824aab004d6f899') in 0.026506 seconds 
========================================================================
Received Import Request.
  Time since last request: 0.000025 seconds.
  path: Assets/Unity Package/TextMesh Pro/Fonts/Minecraft.ttf
  artifactKey: Guid(dac498dff41e3c14e85c3edce500e30f) Importer(815301076,1909f56bfc062723c751e8b465ee728b)
Start importing Assets/Unity Package/TextMesh Pro/Fonts/Minecraft.ttf using Guid(dac498dff41e3c14e85c3edce500e30f) Importer(815301076,1909f56bfc062723c751e8b465ee728b)  -> (artifact id: '252fe2f5f7961ee24170e7d11ef9e01c') in 0.024561 seconds 
========================================================================
Received Import Request.
  Time since last request: 0.000027 seconds.
  path: Assets/Unity Package/Simple FX Kit/Prefabs/Spheres Explode.prefab
  artifactKey: Guid(61753401622c2a947a30e2147430e97d) Importer(815301076,1909f56bfc062723c751e8b465ee728b)
Start importing Assets/Unity Package/Simple FX Kit/Prefabs/Spheres Explode.prefab using Guid(61753401622c2a947a30e2147430e97d) Importer(815301076,1909f56bfc062723c751e8b465ee728b)  -> (artifact id: '0671bd682da226115d603614a9698f06') in 1.884692 seconds 
========================================================================
Received Import Request.
  Time since last request: 0.000045 seconds.
  path: Assets/Unity Package/JMO Assets/WarFX/_Effects/Explosions/WFX_ExplosiveSmoke Small.prefab
  artifactKey: Guid(2e7e92bc7175b744ea40878dedfa79e4) Importer(815301076,1909f56bfc062723c751e8b465ee728b)
Start importing Assets/Unity Package/JMO Assets/WarFX/_Effects/Explosions/WFX_ExplosiveSmoke Small.prefab using Guid(2e7e92bc7175b744ea40878dedfa79e4) Importer(815301076,1909f56bfc062723c751e8b465ee728b)  -> (artifact id: '016e55b5f6dcc744fbabdc19f84eb243') in 0.204846 seconds 
========================================================================
Received Import Request.
  Time since last request: 0.000079 seconds.
  path: Assets/Unity Package/JMO Assets/WarFX/_Effects/Explosions/WFX_ExplosiveSmokeGround Small.prefab
  artifactKey: Guid(7c442b9b6852b8a4f93306f3d154d471) Importer(815301076,1909f56bfc062723c751e8b465ee728b)
Start importing Assets/Unity Package/JMO Assets/WarFX/_Effects/Explosions/WFX_ExplosiveSmokeGround Small.prefab using Guid(7c442b9b6852b8a4f93306f3d154d471) Importer(815301076,1909f56bfc062723c751e8b465ee728b)  -> (artifact id: 'e77ab836dfe90ed1232029e86a1828c0') in 0.037708 seconds 
========================================================================
Received Import Request.
  Time since last request: 0.000028 seconds.
  path: Assets/Unity Package/JMO Assets/WarFX/_Effects (Mobile)/Explosions/WFXMR_ExplosiveSmoke.prefab
  artifactKey: Guid(e4704660d196fac40802911e12ac76f1) Importer(815301076,1909f56bfc062723c751e8b465ee728b)
Start importing Assets/Unity Package/JMO Assets/WarFX/_Effects (Mobile)/Explosions/WFXMR_ExplosiveSmoke.prefab using Guid(e4704660d196fac40802911e12ac76f1) Importer(815301076,1909f56bfc062723c751e8b465ee728b)  -> (artifact id: '759968456ffb122f127e8d4ee6e4b90f') in 0.016989 seconds 
========================================================================
Received Import Request.
  Time since last request: 0.000023 seconds.
  path: Assets/Unity Package/JMO Assets/WarFX/Desktop/Materials/Smoke/WFX_M_ExplosiveSmoke.mat
  artifactKey: Guid(c4934188b933304409ce48e07d589342) Importer(815301076,1909f56bfc062723c751e8b465ee728b)
Start importing Assets/Unity Package/JMO Assets/WarFX/Desktop/Materials/Smoke/WFX_M_ExplosiveSmoke.mat using Guid(c4934188b933304409ce48e07d589342) Importer(815301076,1909f56bfc062723c751e8b465ee728b)  -> (artifact id: 'c8ef480ea8a9f0aedf47be00d602686c') in 0.017119 seconds 
========================================================================
Received Import Request.
  Time since last request: 0.000046 seconds.
  path: Assets/Unity Package/JMO Assets/WarFX/_Effects/Explosions/WFX_ExplosiveSmoke Big.prefab
  artifactKey: Guid(1dbc518224e49f34095aab42fe05751a) Importer(815301076,1909f56bfc062723c751e8b465ee728b)
Start importing Assets/Unity Package/JMO Assets/WarFX/_Effects/Explosions/WFX_ExplosiveSmoke Big.prefab using Guid(1dbc518224e49f34095aab42fe05751a) Importer(815301076,1909f56bfc062723c751e8b465ee728b)  -> (artifact id: '71f620217434ace50f6f0aaf66a39ed8') in 0.023286 seconds 
========================================================================
Received Import Request.
  Time since last request: 0.000023 seconds.
  path: Assets/Unity Package/JMO Assets/WarFX/_Effects (Mobile)/Explosions/WFXMR_ExplosiveSmoke Big Alt.prefab
  artifactKey: Guid(d609d5ebc845aca409f72e9c6a56dc60) Importer(815301076,1909f56bfc062723c751e8b465ee728b)
Start importing Assets/Unity Package/JMO Assets/WarFX/_Effects (Mobile)/Explosions/WFXMR_ExplosiveSmoke Big Alt.prefab using Guid(d609d5ebc845aca409f72e9c6a56dc60) Importer(815301076,1909f56bfc062723c751e8b465ee728b)  -> (artifact id: '009bd80f7565838c7f223b26affd1536') in 0.025241 seconds 
========================================================================
Received Import Request.
  Time since last request: 0.000024 seconds.
  path: Assets/Unity Package/JMO Assets/WarFX/Mobile/Materials/Flames/WFXM_M_ExplosionFlames Add.mat
  artifactKey: Guid(48a925b6c99a1dc41b7efda3989ecde2) Importer(815301076,1909f56bfc062723c751e8b465ee728b)
Start importing Assets/Unity Package/JMO Assets/WarFX/Mobile/Materials/Flames/WFXM_M_ExplosionFlames Add.mat using Guid(48a925b6c99a1dc41b7efda3989ecde2) Importer(815301076,1909f56bfc062723c751e8b465ee728b)  -> (artifact id: '8ab792c669eed6fee0fd40e56dfbfa35') in 0.014384 seconds 
========================================================================
Received Import Request.
  Time since last request: 0.000029 seconds.
  path: Assets/Unity Package/JMO Assets/WarFX/Mobile/Materials/Smoke/WFXM_M_ExplosiveSmoke.mat
  artifactKey: Guid(de58791328b0aa24fbc546436e2ab448) Importer(815301076,1909f56bfc062723c751e8b465ee728b)
Start importing Assets/Unity Package/JMO Assets/WarFX/Mobile/Materials/Smoke/WFXM_M_ExplosiveSmoke.mat using Guid(de58791328b0aa24fbc546436e2ab448) Importer(815301076,1909f56bfc062723c751e8b465ee728b)  -> (artifact id: '4fab0571a9593848043b64d08589f2a0') in 0.016924 seconds 
========================================================================
Received Import Request.
  Time since last request: 0.000022 seconds.
  path: Assets/Unity Package/JMO Assets/WarFX/_Effects/Explosions/WFX_Explosion Simple.prefab
  artifactKey: Guid(7075bd5fe1480184695a32611c15da57) Importer(815301076,1909f56bfc062723c751e8b465ee728b)
Start importing Assets/Unity Package/JMO Assets/WarFX/_Effects/Explosions/WFX_Explosion Simple.prefab using Guid(7075bd5fe1480184695a32611c15da57) Importer(815301076,1909f56bfc062723c751e8b465ee728b)  -> (artifact id: 'd6103dc97a3d08eb36cf46b5b4c84d39') in 0.038057 seconds 
========================================================================
Received Import Request.
  Time since last request: 0.000025 seconds.
  path: Assets/Unity Package/JMO Assets/WarFX/_Effects (Mobile)/Explosions/WFXMR_ExplosiveSmokeGround Small.prefab
  artifactKey: Guid(a2b9ce854d0a5004cba27ab45cbfe205) Importer(815301076,1909f56bfc062723c751e8b465ee728b)
Start importing Assets/Unity Package/JMO Assets/WarFX/_Effects (Mobile)/Explosions/WFXMR_ExplosiveSmokeGround Small.prefab using Guid(a2b9ce854d0a5004cba27ab45cbfe205) Importer(815301076,1909f56bfc062723c751e8b465ee728b)  -> (artifact id: '47078b79bd600be99123abb097b25407') in 0.021631 seconds 
========================================================================
Received Import Request.
  Time since last request: 21.276145 seconds.
  path: Assets/Script/Scriptables/ParticleData/Particle_Data.asset
  artifactKey: Guid(bf3d0fb17bf0eca4aa858b6573e4bb1c) Importer(815301076,1909f56bfc062723c751e8b465ee728b)
Start importing Assets/Script/Scriptables/ParticleData/Particle_Data.asset using Guid(bf3d0fb17bf0eca4aa858b6573e4bb1c) Importer(815301076,1909f56bfc062723c751e8b465ee728b)  -> (artifact id: 'd389a01e890b1a54e0d117c113935e7c') in 0.038696 seconds 
========================================================================
Received Import Request.
  Time since last request: 1.903613 seconds.
  path: Assets/Unity Package/Hovl Studio/Magic effects pack/Prefabs/Hits and explosions/Love hit.prefab
  artifactKey: Guid(356cf4dca1465b54fabbb8cd9b1cd190) Importer(815301076,1909f56bfc062723c751e8b465ee728b)
Start importing Assets/Unity Package/Hovl Studio/Magic effects pack/Prefabs/Hits and explosions/Love hit.prefab using Guid(356cf4dca1465b54fabbb8cd9b1cd190) Importer(815301076,1909f56bfc062723c751e8b465ee728b)  -> (artifact id: '3bad8aba8fac40b5157428c3bb3d4ba4') in 0.020811 seconds 
========================================================================
Received Import Request.
  Time since last request: 0.000021 seconds.
  path: Assets/Unity Package/Hovl Studio/Magic effects pack/Prefabs/Hits and explosions/Stones hit.prefab
  artifactKey: Guid(9b21333b068a5084ba09535839bee3c8) Importer(815301076,1909f56bfc062723c751e8b465ee728b)
Start importing Assets/Unity Package/Hovl Studio/Magic effects pack/Prefabs/Hits and explosions/Stones hit.prefab using Guid(9b21333b068a5084ba09535839bee3c8) Importer(815301076,1909f56bfc062723c751e8b465ee728b)  -> (artifact id: '9730f6d61401a9601e8edda0716f6912') in 0.021685 seconds 
========================================================================
Received Import Request.
  Time since last request: 4.795052 seconds.
  path: Assets/Unity Package/48 Particle Effect Pack/Texture/Spark3.mat
  artifactKey: Guid(84601cf1c4fd6ef48958ec9fcac69cf4) Importer(815301076,1909f56bfc062723c751e8b465ee728b)
Start importing Assets/Unity Package/48 Particle Effect Pack/Texture/Spark3.mat using Guid(84601cf1c4fd6ef48958ec9fcac69cf4) Importer(815301076,1909f56bfc062723c751e8b465ee728b)  -> (artifact id: '1045e62baef0b5f7ac2b4fc2ac8a4ae4') in 0.042242 seconds 
========================================================================
Received Import Request.
  Time since last request: 0.000021 seconds.
  path: Assets/Unity Package/48 Particle Effect Pack/Texture/Spark4.png
  artifactKey: Guid(db05eea9c63f1dd4f940ee03feef35d5) Importer(815301076,1909f56bfc062723c751e8b465ee728b)
Start importing Assets/Unity Package/48 Particle Effect Pack/Texture/Spark4.png using Guid(db05eea9c63f1dd4f940ee03feef35d5) Importer(815301076,1909f56bfc062723c751e8b465ee728b)  -> (artifact id: 'c8ca3b38556b53cdb779d05a6941a3f7') in 0.018527 seconds 
========================================================================
Received Import Request.
  Time since last request: 0.000019 seconds.
  path: Assets/Unity Package/48 Particle Effect Pack/Texture/Spark3.png
  artifactKey: Guid(b1e16ae540097534e83802d747296d58) Importer(815301076,1909f56bfc062723c751e8b465ee728b)
Start importing Assets/Unity Package/48 Particle Effect Pack/Texture/Spark3.png using Guid(b1e16ae540097534e83802d747296d58) Importer(815301076,1909f56bfc062723c751e8b465ee728b)  -> (artifact id: '3990c70bcf562ecd031ed2f7054db7d3') in 0.013068 seconds 
========================================================================
Received Import Request.
  Time since last request: 0.000029 seconds.
  path: Assets/Unity Package/48 Particle Effect Pack/Texture/Spark5.mat
  artifactKey: Guid(e8866d69778db1648a2a24c7bd6e5b5a) Importer(815301076,1909f56bfc062723c751e8b465ee728b)
Start importing Assets/Unity Package/48 Particle Effect Pack/Texture/Spark5.mat using Guid(e8866d69778db1648a2a24c7bd6e5b5a) Importer(815301076,1909f56bfc062723c751e8b465ee728b)  -> (artifact id: 'b88b69955283b002eeed876f376e84da') in 0.013105 seconds 
========================================================================
Received Import Request.
  Time since last request: 0.000032 seconds.
  path: Assets/Unity Package/48 Particle Effect Pack/Texture/Spark8.png
  artifactKey: Guid(8065c125ba8eb0f4ab6667beec45cc98) Importer(815301076,1909f56bfc062723c751e8b465ee728b)
Start importing Assets/Unity Package/48 Particle Effect Pack/Texture/Spark8.png using Guid(8065c125ba8eb0f4ab6667beec45cc98) Importer(815301076,1909f56bfc062723c751e8b465ee728b)  -> (artifact id: '03675f6112a31555305dfa9d00c6bb44') in 0.013125 seconds 
========================================================================
Received Import Request.
  Time since last request: 0.000046 seconds.
  path: Assets/Unity Package/JMO Assets/WarFX/Desktop/Textures/MuzzleFlashes/WFX_T_MF Sparks RIFLE3 A8.tga
  artifactKey: Guid(0cc149bc487ff27419e48863a408b77a) Importer(815301076,1909f56bfc062723c751e8b465ee728b)
Start importing Assets/Unity Package/JMO Assets/WarFX/Desktop/Textures/MuzzleFlashes/WFX_T_MF Sparks RIFLE3 A8.tga using Guid(0cc149bc487ff27419e48863a408b77a) Importer(815301076,1909f56bfc062723c751e8b465ee728b)  -> (artifact id: '5ecfe61cc5a8f070e50be516317911b6') in 0.023984 seconds 
========================================================================
Received Import Request.
  Time since last request: 0.000045 seconds.
  path: Assets/Unity Package/48 Particle Effect Pack/Texture/Spark8.mat
  artifactKey: Guid(b7b0f2d86aeefda4e846c89b05c9b891) Importer(815301076,1909f56bfc062723c751e8b465ee728b)
Start importing Assets/Unity Package/48 Particle Effect Pack/Texture/Spark8.mat using Guid(b7b0f2d86aeefda4e846c89b05c9b891) Importer(815301076,1909f56bfc062723c751e8b465ee728b)  -> (artifact id: 'e09bed542f35707de2e4774954e92c8c') in 0.012058 seconds 
========================================================================
Received Import Request.
  Time since last request: 0.000032 seconds.
  path: Assets/Unity Package/JMO Assets/WarFX/Desktop/Materials/MuzzleFlashes/WFX_M_MF Sparks RIFLE1.mat
  artifactKey: Guid(86b250a0578090746840c6eda8a93c9b) Importer(815301076,1909f56bfc062723c751e8b465ee728b)
Start importing Assets/Unity Package/JMO Assets/WarFX/Desktop/Materials/MuzzleFlashes/WFX_M_MF Sparks RIFLE1.mat using Guid(86b250a0578090746840c6eda8a93c9b) Importer(815301076,1909f56bfc062723c751e8b465ee728b)  -> (artifact id: 'b0f932288facd1262c1713d37c1ff00e') in 0.013028 seconds 
========================================================================
Received Import Request.
  Time since last request: 0.000037 seconds.
  path: Assets/Unity Package/48 Particle Effect Pack/Texture/Spark6.png
  artifactKey: Guid(efe3c48ad209d0b4c91c9970c382125e) Importer(815301076,1909f56bfc062723c751e8b465ee728b)
Start importing Assets/Unity Package/48 Particle Effect Pack/Texture/Spark6.png using Guid(efe3c48ad209d0b4c91c9970c382125e) Importer(815301076,1909f56bfc062723c751e8b465ee728b)  -> (artifact id: '611386edfca8fe4b1267fb9a78ce9f11') in 0.011739 seconds 
========================================================================
Received Import Request.
  Time since last request: 0.000017 seconds.
  path: Assets/Unity Package/48 Particle Effect Pack/Texture/Spark7.mat
  artifactKey: Guid(61939c49e710a064ca43150a61c6e2d8) Importer(815301076,1909f56bfc062723c751e8b465ee728b)
Start importing Assets/Unity Package/48 Particle Effect Pack/Texture/Spark7.mat using Guid(61939c49e710a064ca43150a61c6e2d8) Importer(815301076,1909f56bfc062723c751e8b465ee728b)  -> (artifact id: '9380f54c33d7e1ccb860a1b375ea530b') in 0.014068 seconds 
========================================================================
Received Import Request.
  Time since last request: 46.564581 seconds.
  path: Assets/Prefabs/Yellow_Bullet.prefab
  artifactKey: Guid(9c9286baca36cf544a9cdba7e55e755b) Importer(815301076,1909f56bfc062723c751e8b465ee728b)
Start importing Assets/Prefabs/Yellow_Bullet.prefab using Guid(9c9286baca36cf544a9cdba7e55e755b) Importer(815301076,1909f56bfc062723c751e8b465ee728b)  -> (artifact id: '61eb6622f0bcf62be2d7dcecf8555afd') in 0.030930 seconds 
========================================================================
Received Import Request.
  Time since last request: 5.888983 seconds.
  path: Assets/Prefabs/Effect/Level_Up.prefab
  artifactKey: Guid(46c302909f7eadc4fad9fe36bf71d198) Importer(815301076,1909f56bfc062723c751e8b465ee728b)
Start importing Assets/Prefabs/Effect/Level_Up.prefab using Guid(46c302909f7eadc4fad9fe36bf71d198) Importer(815301076,1909f56bfc062723c751e8b465ee728b)  -> (artifact id: '9b77135e441299b0bcc37668309e5cc0') in 0.021470 seconds 
========================================================================
Received Prepare
Registering precompiled user dll's ...
Registered in 0.003025 seconds.
Begin MonoManager ReloadAssembly
Native extension for WindowsStandalone target not found
Native extension for iOS target not found
Native extension for Android target not found
Refreshing native plugins compatible for Editor in 0.74 ms, found 3 plugins.
Preloading 0 native plugins for Editor in 0.00 ms.
Mono: successfully reloaded assembly
- Completed reload, in  1.761 seconds
Domain Reload Profiling:
	ReloadAssembly (1762ms)
		BeginReloadAssembly (106ms)
			ExecutionOrderSort (0ms)
			DisableScriptedObjects (3ms)
			BackupInstance (0ms)
			ReleaseScriptingObjects (0ms)
			CreateAndSetChildDomain (31ms)
		EndReloadAssembly (1507ms)
			LoadAssemblies (129ms)
			RebuildTransferFunctionScriptingTraits (0ms)
			SetupTypeCache (730ms)
			ReleaseScriptCaches (1ms)
			RebuildScriptCaches (135ms)
			SetupLoadedEditorAssemblies (270ms)
				LogAssemblyErrors (0ms)
				InitializePlatformSupportModulesInManaged (30ms)
				SetLoadedEditorAssemblies (0ms)
				RefreshPlugins (1ms)
				BeforeProcessingInitializeOnLoad (43ms)
				ProcessInitializeOnLoadAttributes (180ms)
				ProcessInitializeOnLoadMethodAttributes (13ms)
				AfterProcessingInitializeOnLoad (3ms)
				EditorAssembliesLoaded (0ms)
			ExecutionOrderSort2 (0ms)
			AwakeInstancesAfterBackupRestoration (4ms)
Platform modules already initialized, skipping
Shader 'WFX/Transparent Diffuse': fallback shader 'Particles/Alpha Blended' not found
Shader 'WFX/Transparent Specular': fallback shader 'Particles/Alpha Blended' not found
Refreshing native plugins compatible for Editor in 3.00 ms, found 3 plugins.
Preloading 0 native plugins for Editor in 0.00 ms.
Unloading 3682 Unused Serialized files (Serialized files now loaded: 0)
Unloading 45 unused Assets / (25.8 KB). Loaded Objects now: 4226.
Memory consumption went from 211.5 MB to 211.4 MB.
Total: 2.749300 ms (FindLiveObjects: 0.356200 ms CreateObjectMapping: 0.095600 ms MarkObjects: 2.261300 ms  DeleteObjects: 0.034800 ms)

AssetImportParameters requested are different than current active one (requested -> active):
  custom:video-decoder-ogg-theora: a1e56fd34408186e4bbccfd4996cb3dc -> 
  custom:container-muxer-webm: aa71ff27fc2769a1b78a27578f13a17b -> 
  custom:container-demuxer-webm: 4f35f7cbe854078d1ac9338744f61a02 -> 
  custom:video-encoder-webm-vp8: eb34c28f22e8b96e1ab97ce403110664 -> 
  custom:video-codec-MediaFoundation-h265: 746d11721c4dcdbdad8f713fa42b33f4 -> 
  custom:audio-encoder-webm-vorbis: bf7c407c2cedff20999df2af8eb42d56 -> 
  custom:framework-win-MediaFoundation: 216162199b28c13a410421893ffa2e32 -> 
  custom:container-demuxer-ogg: 62fdf1f143b41e24485cea50d1cbac27 -> 
  custom:video-decoder-webm-vp8: 9c59270c3fd7afecdb556c50c9e8de78 -> 
  custom:audio-decoder-ogg-vorbis: bf7c407c2cedff20999df2af8eb42d56 -> 
========================================================================
Received Prepare
Registering precompiled user dll's ...
Registered in 0.001912 seconds.
Begin MonoManager ReloadAssembly
Native extension for WindowsStandalone target not found
Native extension for iOS target not found
Native extension for Android target not found
Refreshing native plugins compatible for Editor in 0.68 ms, found 3 plugins.
Preloading 0 native plugins for Editor in 0.00 ms.
Mono: successfully reloaded assembly
- Completed reload, in  1.808 seconds
Domain Reload Profiling:
	ReloadAssembly (1808ms)
		BeginReloadAssembly (100ms)
			ExecutionOrderSort (0ms)
			DisableScriptedObjects (4ms)
			BackupInstance (0ms)
			ReleaseScriptingObjects (0ms)
			CreateAndSetChildDomain (29ms)
		EndReloadAssembly (1438ms)
			LoadAssemblies (110ms)
			RebuildTransferFunctionScriptingTraits (0ms)
			SetupTypeCache (885ms)
			ReleaseScriptCaches (1ms)
			RebuildScriptCaches (27ms)
			SetupLoadedEditorAssemblies (265ms)
				LogAssemblyErrors (0ms)
				InitializePlatformSupportModulesInManaged (27ms)
				SetLoadedEditorAssemblies (0ms)
				RefreshPlugins (1ms)
				BeforeProcessingInitializeOnLoad (44ms)
				ProcessInitializeOnLoadAttributes (172ms)
				ProcessInitializeOnLoadMethodAttributes (18ms)
				AfterProcessingInitializeOnLoad (3ms)
				EditorAssembliesLoaded (0ms)
			ExecutionOrderSort2 (0ms)
			AwakeInstancesAfterBackupRestoration (5ms)
Platform modules already initialized, skipping
Shader 'WFX/Transparent Diffuse': fallback shader 'Particles/Alpha Blended' not found
Shader 'WFX/Transparent Specular': fallback shader 'Particles/Alpha Blended' not found
Refreshing native plugins compatible for Editor in 2.25 ms, found 3 plugins.
Preloading 0 native plugins for Editor in 0.00 ms.
Unloading 3682 Unused Serialized files (Serialized files now loaded: 0)
Unloading 45 unused Assets / (25.9 KB). Loaded Objects now: 4229.
Memory consumption went from 211.5 MB to 211.4 MB.
Total: 2.608700 ms (FindLiveObjects: 0.205800 ms CreateObjectMapping: 0.104600 ms MarkObjects: 2.261500 ms  DeleteObjects: 0.035800 ms)

AssetImportParameters requested are different than current active one (requested -> active):
  custom:video-decoder-ogg-theora: a1e56fd34408186e4bbccfd4996cb3dc -> 
  custom:container-muxer-webm: aa71ff27fc2769a1b78a27578f13a17b -> 
  custom:container-demuxer-webm: 4f35f7cbe854078d1ac9338744f61a02 -> 
  custom:video-encoder-webm-vp8: eb34c28f22e8b96e1ab97ce403110664 -> 
  custom:video-codec-MediaFoundation-h265: 746d11721c4dcdbdad8f713fa42b33f4 -> 
  custom:audio-encoder-webm-vorbis: bf7c407c2cedff20999df2af8eb42d56 -> 
  custom:framework-win-MediaFoundation: 216162199b28c13a410421893ffa2e32 -> 
  custom:container-demuxer-ogg: 62fdf1f143b41e24485cea50d1cbac27 -> 
  custom:video-decoder-webm-vp8: 9c59270c3fd7afecdb556c50c9e8de78 -> 
  custom:audio-decoder-ogg-vorbis: bf7c407c2cedff20999df2af8eb42d56 -> 
Editor requested this worker to shutdown with reason: Scaling down because of idle timeout
AssetImportWorker is now disconnected from the server
Process exiting
Exiting without the bug reporter. Application will terminate with return code 0